Fruit dryer app running at http://127.0.0.1:8000
Mobile LAN URL: http://10.245.87.42:8000
Telemetry mode: firebase at https://food-dryer-dab22-default-rtdb.asia-southeast1.firebasedatabase.app/foodDrier/live.json
[LIVE]  674.23g | Source: firebase | Connected: True
[LIVE]  674.23g | Source: firebase | Connected: True
127.0.0.1 - "GET /api/state HTTP/1.1" 200 -
127.0.0.1 - "GET /api/events HTTP/1.1" 200 -
[LIVE]  674.23g | Source: firebase | Connected: True
[LIVE]  674.23g | Source: firebase | Connected: True
[LIVE]  674.23g | Source: firebase | Connected: True
[LIVE]  674.23g | Source: firebase | Connected: True
[LIVE]  674.23g | Source: firebase | Connected: True
[LIVE]  674.23g | Source: firebase | Connected: True
127.0.0.1 - "GET / HTTP/1.1" 200 -
127.0.0.1 - "GET /app.js?v=stop-drying-fix HTTP/1.1" 200 -
[LIVE]  674.23g | Source: firebase | Connected: True
127.0.0.1 - "POST /api/batch/stop HTTP/1.1" 200 -
[LIVE]  674.23g | Source: firebase | Connected: True
[LIVE]  674.23g | Source: firebase | Connected: True
[LIVE]  674.23g | Source: firebase | Connected: True
[LIVE]  674.23g | Source: firebase | Connected: True
[LIVE]  674.23g | Source: firebase | Connected: True
[LIVE]  674.23g | Source: firebase | Connected: True
[LIVE]  674.23g | Source: firebase | Connected: True
[LIVE]  674.23g | Source: firebase | Connected: True
[LIVE]  674.23g | Source: firebase | Connected: True
[LIVE]  674.23g | Source: firebase | Connected: True
[LIVE]  674.23g | Source: firebase | Connected: True
[LIVE]  674.23g | Source: firebase | Connected: True
[LIVE]  674.23g | Source: firebase | Connected: True
[LIVE]  674.23g | Source: firebase | Connected: True
[LIVE]  674.23g | Source: firebase | Connected: False
[LIVE]  674.23g | Source: firebase | Connected: True
[LIVE]  674.23g | Source: firebase | Connected: True
[LIVE]  674.23g | Source: firebase | Connected: True
[LIVE]  674.23g | Source: firebase | Connected: True
[LIVE]  674.23g | Source: firebase | Connected: False
[LIVE]  674.23g | Source: firebase | Connected: False
[LIVE]  674.23g | Source: firebase | Connected: False
[LIVE]  674.23g | Source: firebase | Connected: False
[LIVE]  674.23g | Source: firebase | Connected: False
[LIVE]  674.23g | Source: firebase | Connected: True
[LIVE]  674.23g | Source: firebase | Connected: True
[LIVE]  674.23g | Source: firebase | Connected: True
[LIVE]  674.23g | Source: firebase | Connected: False
[LIVE]  674.23g | Source: firebase | Connected: False
127.0.0.1 - "GET / HTTP/1.1" 200 -
127.0.0.1 - "GET /app.js?v=stop-drying-fix HTTP/1.1" 200 -
127.0.0.1 - "GET /api/fruits HTTP/1.1" 200 -
127.0.0.1 - "GET /api/state HTTP/1.1" 200 -
127.0.0.1 - "GET /api/events HTTP/1.1" 200 -
127.0.0.1 - "GET / HTTP/1.1" 304 -
127.0.0.1 - "GET /api/fruits HTTP/1.1" 200 -
127.0.0.1 - "GET /api/state HTTP/1.1" 200 -
127.0.0.1 - "GET /api/events HTTP/1.1" 200 -
127.0.0.1 - "GET / HTTP/1.1" 304 -
127.0.0.1 - "GET /api/fruits HTTP/1.1" 200 -
127.0.0.1 - "GET /api/state HTTP/1.1" 200 -
127.0.0.1 - "GET /api/events HTTP/1.1" 200 -
[LIVE]  674.23g | Source: firebase | Connected: False
127.0.0.1 - "POST /api/selection HTTP/1.1" 200 -
[LIVE]  674.23g | Source: firebase | Connected: True
127.0.0.1 - "POST /api/batch/start HTTP/1.1" 200 -
[LIVE]  674.23g | Target:  262.20g | Progress:   0.0% | Remaining: 600.0min | Source: firebase
[LIVE]  674.23g | Target:  262.20g | Progress:   0.0% | Remaining: 600.0min | Source: firebase
[LIVE]  674.23g | Target:  262.20g | Progress:   0.0% | Remaining: 600.0min | Source: firebase
[LIVE]  674.23g | Target:  262.20g | Progress:   0.0% | Remaining: 600.0min | Source: firebase
[LIVE]  674.23g | Target:  262.20g | Progress:   0.0% | Remaining: 600.0min | Source: firebase
127.0.0.1 - "POST /api/batch/stop HTTP/1.1" 200 -
[LIVE]  674.23g | Source: firebase | Connected: True
127.0.0.1 - "POST /api/batch/stop HTTP/1.1" 200 -
[LIVE]  674.23g | Source: firebase | Connected: True
[LIVE]  674.23g | Source: firebase | Connected: False
[LIVE]  674.23g | Source: firebase | Connected: True
[LIVE]  674.23g | Source: firebase | Connected: True
[LIVE]  674.23g | Source: firebase | Connected: True
[LIVE]  674.23g | Source: firebase | Connected: False
[LIVE]  674.23g | Source: firebase | Connected: True
[LIVE]  674.23g | Source: firebase | Connected: True
[LIVE]  674.23g | Source: firebase | Connected: True
[LIVE]  674.23g | Source: firebase | Connected: True
[LIVE]  674.23g | Source: firebase | Connected: True
[LIVE]  674.23g | Source: firebase | Connected: True
[LIVE]  674.23g | Source: firebase | Connected: True
[LIVE]  674.23g | Source: firebase | Connected: True
[LIVE]  674.23g | Source: firebase | Connected: True
[LIVE]  674.23g | Source: firebase | Connected: True
[LIVE]  674.23g | Source: firebase | Connected: True
[LIVE]  674.23g | Source: firebase | Connected: True
127.0.0.1 - "POST /api/selection HTTP/1.1" 200 -
[LIVE]  674.23g | Source: firebase | Connected: False
[LIVE]  674.23g | Source: firebase | Connected: True
127.0.0.1 - "POST /api/batch/start HTTP/1.1" 200 -
[LIVE]  674.23g | Target:  262.20g | Progress:   0.0% | Remaining: 540.0min | Source: firebase
[LIVE]  674.23g | Target:  262.20g | Progress:   0.0% | Remaining: 540.0min | Source: firebase
[LIVE]  674.23g | Target:  262.20g | Progress:   0.0% | Remaining: 540.0min | Source: firebase
[LIVE]  674.23g | Target:  262.20g | Progress:   0.0% | Remaining: 540.0min | Source: firebase
127.0.0.1 - code 404, message File not found
127.0.0.1 - "GET /favicon.ico HTTP/1.1" 404 -
[LIVE]  674.23g | Target:  262.20g | Progress:   0.0% | Remaining: 540.0min | Source: firebase
[LIVE]  674.23g | Target:  262.20g | Progress:   0.0% | Remaining: 540.0min | Source: firebase
127.0.0.1 - "POST /api/batch/stop HTTP/1.1" 200 -
[LIVE]  674.23g | Source: firebase | Connected: True
[LIVE]  674.23g | Source: firebase | Connected: True
[LIVE]  674.23g | Source: firebase | Connected: False
[LIVE]  674.23g | Source: firebase | Connected: True
[LIVE]  674.23g | Source: firebase | Connected: True
[LIVE]  674.23g | Source: firebase | Connected: True
[LIVE]  674.23g | Source: firebase | Connected: True
[LIVE]  674.23g | Source: firebase | Connected: True
[LIVE]  674.23g | Source: firebase | Connected: True
[LIVE]  674.23g | Source: firebase | Connected: True
[LIVE]  674.23g | Source: firebase | Connected: True
[LIVE]  674.23g | Source: firebase | Connected: True
[LIVE]  674.23g | Source: firebase | Connected: True
[LIVE]  674.23g | Source: firebase | Connected: True
[LIVE]  674.23g | Source: firebase | Connected: True
[LIVE]  674.23g | Source: firebase | Connected: True
[LIVE]  674.23g | Source: firebase | Connected: True
[LIVE]  674.23g | Source: firebase | Connected: True
[LIVE]  674.23g | Source: firebase | Connected: True
[LIVE]  674.23g | Source: firebase | Connected: True
[LIVE]  674.23g | Source: firebase | Connected: True
[LIVE]  674.23g | Source: firebase | Connected: True
[LIVE]  674.23g | Source: firebase | Connected: True
[LIVE]  674.23g | Source: firebase | Connected: True
[LIVE]  674.23g | Source: firebase | Connected: True
[LIVE]  674.23g | Source: firebase | Connected: True
[LIVE]  674.23g | Source: firebase | Connected: True
[LIVE]  674.23g | Source: firebase | Connected: True
[LIVE]  674.23g | Source: firebase | Connected: True
[LIVE]  674.23g | Source: firebase | Connected: True
[LIVE]  674.23g | Source: firebase | Connected: True
[LIVE]  674.23g | Source: firebase | Connected: True
[LIVE]  674.23g | Source: firebase | Connected: True
[LIVE]  674.23g | Source: firebase | Connected: True
[LIVE]  674.23g | Source: firebase | Connected: True
[LIVE]  674.23g | Source: firebase | Connected: True
[LIVE]  674.23g | Source: firebase | Connected: True
[LIVE]  674.23g | Source: firebase | Connected: True
[LIVE]  674.23g | Source: firebase | Connected: True
[LIVE]  674.23g | Source: firebase | Connected: True
[LIVE]  674.23g | Source: firebase | Connected: True
[LIVE]  674.23g | Source: firebase | Connected: False
[LIVE]  674.23g | Source: firebase | Connected: False
[LIVE]  674.23g | Source: firebase | Connected: False
[LIVE]  674.23g | Source: firebase | Connected: False
[LIVE]  674.23g | Source: firebase | Connected: True
[LIVE]  674.23g | Source: firebase | Connected: False
[LIVE]  674.23g | Source: firebase | Connected: False
[LIVE]  674.23g | Source: firebase | Connected: False
[LIVE]  674.23g | Source: firebase | Connected: False
[LIVE]  674.23g | Source: firebase | Connected: False
[LIVE]  674.23g | Source: firebase | Connected: True
[LIVE]  674.23g | Source: firebase | Connected: True
[LIVE]  674.23g | Source: firebase | Connected: True
[LIVE]  674.23g | Source: firebase | Connected: True
[LIVE]  674.23g | Source: firebase | Connected: True
[LIVE]  674.23g | Source: firebase | Connected: True
[LIVE]  674.23g | Source: firebase | Connected: True
[LIVE]  674.23g | Source: firebase | Connected: True
[LIVE]  674.23g | Source: firebase | Connected: True
[LIVE]  674.23g | Source: firebase | Connected: True
[LIVE]  674.23g | Source: firebase | Connected: True
[LIVE]  674.23g | Source: firebase | Connected: True
[LIVE]  674.23g | Source: firebase | Connected: True
[LIVE]  674.23g | Source: firebase | Connected: True
[LIVE]  674.23g | Source: firebase | Connected: True
[LIVE]  674.23g | Source: firebase | Connected: True
127.0.0.1 - "GET / HTTP/1.1" 304 -
127.0.0.1 - "GET /app.js?v=stop-drying-fix HTTP/1.1" 304 -
127.0.0.1 - "GET /api/fruits HTTP/1.1" 200 -
127.0.0.1 - "GET /api/state HTTP/1.1" 200 -
127.0.0.1 - "GET /api/events HTTP/1.1" 200 -
[LIVE]  674.23g | Source: firebase | Connected: True
[LIVE]  674.23g | Source: firebase | Connected: True
127.0.0.1 - "GET / HTTP/1.1" 304 -
127.0.0.1 - "GET /api/fruits HTTP/1.1" 200 -
127.0.0.1 - "GET /api/state HTTP/1.1" 200 -
127.0.0.1 - "GET /api/events HTTP/1.1" 200 -
[LIVE]  674.23g | Source: firebase | Connected: True
[LIVE]  674.23g | Source: firebase | Connected: True
[LIVE]  674.23g | Source: firebase | Connected: True
[LIVE]  674.23g | Source: firebase | Connected: True
[LIVE]  674.23g | Source: firebase | Connected: True
[LIVE]  674.23g | Source: firebase | Connected: True
[LIVE]  674.23g | Source: firebase | Connected: True
[LIVE]  674.23g | Source: firebase | Connected: True
[LIVE]  674.23g | Source: firebase | Connected: True
[LIVE]  674.23g | Source: firebase | Connected: True
[LIVE]  674.23g | Source: firebase | Connected: True
[LIVE]  674.23g | Source: firebase | Connected: True
[LIVE]  674.23g | Source: firebase | Connected: True
[LIVE]  674.23g | Source: firebase | Connected: True
[LIVE]  674.23g | Source: firebase | Connected: True
[LIVE]  674.23g | Source: firebase | Connected: True
[LIVE]  674.23g | Source: firebase | Connected: False
[LIVE]  674.23g | Source: firebase | Connected: True
[LIVE]  674.23g | Source: firebase | Connected: True
[LIVE]  674.23g | Source: firebase | Connected: True
[LIVE]  674.23g | Source: firebase | Connected: True
[LIVE]  674.23g | Source: firebase | Connected: True
[LIVE]  674.23g | Source: firebase | Connected: True
[LIVE]  674.23g | Source: firebase | Connected: True
[LIVE]  674.23g | Source: firebase | Connected: True
[LIVE]  674.23g | Source: firebase | Connected: True
[LIVE]  674.23g | Source: firebase | Connected: True
[LIVE]  674.23g | Source: firebase | Connected: True
[LIVE]  674.23g | Source: firebase | Connected: True
[LIVE]  674.23g | Source: firebase | Connected: True
[LIVE]  674.23g | Source: firebase | Connected: True
[LIVE]  674.23g | Source: firebase | Connected: True
[LIVE]  674.23g | Source: firebase | Connected: True
[LIVE]  674.23g | Source: firebase | Connected: True
[LIVE]  674.23g | Source: firebase | Connected: True
[LIVE]  674.23g | Source: firebase | Connected: True
[LIVE]  674.23g | Source: firebase | Connected: True
[LIVE]  674.23g | Source: firebase | Connected: True
[LIVE]  674.23g | Source: firebase | Connected: True
[LIVE]  674.23g | Source: firebase | Connected: True
[LIVE]  674.23g | Source: firebase | Connected: True
[LIVE]  674.23g | Source: firebase | Connected: True
[LIVE]  674.23g | Source: firebase | Connected: True
[LIVE]  674.23g | Source: firebase | Connected: True
[LIVE]  674.23g | Source: firebase | Connected: True
[LIVE]  674.23g | Source: firebase | Connected: True
[LIVE]  674.23g | Source: firebase | Connected: True
[LIVE]  674.23g | Source: firebase | Connected: True
[LIVE]  674.23g | Source: firebase | Connected: True
[LIVE]  674.23g | Source: firebase | Connected: True
[LIVE]  674.23g | Source: firebase | Connected: True
[LIVE]  674.23g | Source: firebase | Connected: True
[LIVE]  674.23g | Source: firebase | Connected: True
[LIVE]  674.23g | Source: firebase | Connected: True
[LIVE]  674.23g | Source: firebase | Connected: True
[LIVE]  674.23g | Source: firebase | Connected: True
[LIVE]  674.23g | Source: firebase | Connected: True
[LIVE]  674.23g | Source: firebase | Connected: True
[LIVE]  674.23g | Source: firebase | Connected: True
[LIVE]  674.23g | Source: firebase | Connected: True
[LIVE]  674.23g | Source: firebase | Connected: True
[LIVE]  674.23g | Source: firebase | Connected: True
[LIVE]  674.23g | Source: firebase | Connected: True
[LIVE]  674.23g | Source: firebase | Connected: True
[LIVE]  674.23g | Source: firebase | Connected: True
[LIVE]  674.23g | Source: firebase | Connected: True
[LIVE]  674.23g | Source: firebase | Connected: True
[LIVE]  674.23g | Source: firebase | Connected: True
[LIVE]  674.23g | Source: firebase | Connected: True
[LIVE]  674.23g | Source: firebase | Connected: True
[LIVE]  674.23g | Source: firebase | Connected: True
[LIVE]  674.23g | Source: firebase | Connected: True
[LIVE]  674.23g | Source: firebase | Connected: True
[LIVE]  674.23g | Source: firebase | Connected: True
[LIVE]  674.23g | Source: firebase | Connected: True
[LIVE]  674.23g | Source: firebase | Connected: True
[LIVE]   12.20g | Source: firebase | Connected: True
[LIVE]    1.26g | Source: firebase | Connected: True
[LIVE]    1.26g | Source: firebase | Connected: True
[LIVE]    2.47g | Source: firebase | Connected: True
[LIVE]    4.92g | Source: firebase | Connected: True
[LIVE]    4.92g | Source: firebase | Connected: True
[LIVE]    2.65g | Source: firebase | Connected: True
127.0.0.1 - "GET / HTTP/1.1" 304 -
127.0.0.1 - "GET /app.js?v=stop-drying-fix HTTP/1.1" 304 -
127.0.0.1 - "GET /api/fruits HTTP/1.1" 200 -
127.0.0.1 - "GET /api/state HTTP/1.1" 200 -
127.0.0.1 - "GET /api/events HTTP/1.1" 200 -
[LIVE]    2.65g | Source: firebase | Connected: False
[LIVE]    2.65g | Source: firebase | Connected: False
[LIVE]  677.05g | Source: firebase | Connected: True
[LIVE]  670.89g | Source: firebase | Connected: True
[LIVE]  667.87g | Source: firebase | Connected: True
127.0.0.1 - "POST /api/selection HTTP/1.1" 200 -
[LIVE]  662.78g | Source: firebase | Connected: True
[LIVE]  671.33g | Source: firebase | Connected: True
[LIVE]  671.33g | Source: firebase | Connected: True
127.0.0.1 - "POST /api/batch/start HTTP/1.1" 200 -
[LIVE]  666.03g | Target:  261.07g | Progress:   1.3% | Remaining: 592.2min | Source: firebase
[LIVE]  669.27g | Target:  261.07g | Progress:   0.5% | Remaining: 597.0min | Source: firebase
[LIVE]  653.52g | Target:  261.07g | Progress:   4.3% | Remaining: 574.0min | Source: firebase
[LIVE]  653.52g | Target:  261.07g | Progress:   4.3% | Remaining: 574.0min | Source: firebase
[LIVE]  657.86g | Target:  261.07g | Progress:   3.3% | Remaining: 580.3min | Source: firebase
[LIVE]  657.62g | Target:  261.07g | Progress:   3.3% | Remaining: 579.9min | Source: firebase
[LIVE]  657.62g | Target:  261.07g | Progress:   3.3% | Remaining: 579.9min | Source: firebase
[LIVE]  668.56g | Target:  261.07g | Progress:   0.7% | Remaining: 595.9min | Source: firebase
[LIVE]  663.76g | Target:  261.07g | Progress:   1.8% | Remaining: 588.9min | Source: firebase
[LIVE]  667.34g | Target:  261.07g | Progress:   1.0% | Remaining: 594.2min | Source: firebase
[LIVE]  670.56g | Target:  261.07g | Progress:   0.2% | Remaining: 598.9min | Source: firebase
[LIVE]  670.56g | Target:  261.07g | Progress:   0.2% | Remaining: 598.9min | Source: firebase
[LIVE]  656.77g | Target:  261.07g | Progress:   3.5% | Remaining: 578.7min | Source: firebase
[LIVE]  653.12g | Target:  261.07g | Progress:   4.4% | Remaining: 573.4min | Source: firebase
[LIVE]  653.12g | Target:  261.07g | Progress:   4.4% | Remaining: 573.4min | Source: firebase
[LIVE]  659.80g | Target:  261.07g | Progress:   2.8% | Remaining: 583.1min | Source: firebase
[LIVE]  659.80g | Target:  261.07g | Progress:   2.8% | Remaining: 583.1min | Source: firebase
[LIVE]  659.80g | Target:  261.07g | Progress:   2.8% | Remaining: 583.1min | Source: firebase
[LIVE]  661.18g | Target:  261.07g | Progress:   2.5% | Remaining: 585.2min | Source: firebase
[LIVE]  661.18g | Target:  261.07g | Progress:   2.5% | Remaining: 585.2min | Source: firebase
[LIVE]  660.72g | Target:  261.07g | Progress:   2.6% | Remaining: 584.5min | Source: firebase
[LIVE]  660.72g | Target:  261.07g | Progress:   2.6% | Remaining: 584.5min | Source: firebase
[LIVE]  644.41g | Target:  261.07g | Progress:   6.6% | Remaining: 560.6min | Source: firebase
[LIVE]  644.41g | Target:  261.07g | Progress:   6.6% | Remaining: 560.6min | Source: firebase
[LIVE]  647.65g | Target:  261.07g | Progress:   5.8% | Remaining: 565.4min | Source: firebase
[LIVE]  647.65g | Target:  261.07g | Progress:   5.8% | Remaining: 565.4min | Source: firebase
[LIVE]  648.46g | Target:  261.07g | Progress:   5.6% | Remaining: 566.6min | Source: firebase
[LIVE]  648.46g | Target:  261.07g | Progress:   5.6% | Remaining: 566.6min | Source: firebase
[LIVE]  648.46g | Target:  261.07g | Progress:   5.6% | Remaining: 566.6min | Source: firebase
[LIVE]  648.46g | Target:  261.07g | Progress:   5.6% | Remaining: 566.6min | Source: firebase
[LIVE]  648.46g | Target:  261.07g | Progress:   5.6% | Remaining: 566.6min | Source: firebase
[LIVE]  648.46g | Target:  261.07g | Progress:   5.6% | Remaining: 566.6min | Source: firebase
[LIVE]  648.46g | Target:  261.07g | Progress:   5.6% | Remaining: 566.6min | Source: firebase
[LIVE]  648.46g | Target:  261.07g | Progress:   5.6% | Remaining: 566.6min | Source: firebase
[LIVE]  648.46g | Target:  261.07g | Progress:   5.6% | Remaining: 566.6min | Source: firebase
[LIVE]  649.09g | Target:  261.07g | Progress:   5.4% | Remaining: 567.5min | Source: firebase
[LIVE]  649.09g | Target:  261.07g | Progress:   5.4% | Remaining: 567.5min | Source: firebase
[LIVE]  649.09g | Target:  261.07g | Progress:   5.4% | Remaining: 567.5min | Source: firebase
[LIVE]  649.09g | Target:  261.07g | Progress:   5.4% | Remaining: 567.5min | Source: firebase
[LIVE]  649.09g | Target:  261.07g | Progress:   5.4% | Remaining: 567.5min | Source: firebase
[LIVE]  649.09g | Target:  261.07g | Progress:   5.4% | Remaining: 567.5min | Source: firebase
[LIVE]  665.64g | Target:  261.07g | Progress:   1.4% | Remaining: 591.7min | Source: firebase
[LIVE]  651.18g | Target:  261.07g | Progress:   4.9% | Remaining: 570.5min | Source: firebase
[LIVE]  660.21g | Target:  261.07g | Progress:   2.7% | Remaining: 583.7min | Source: firebase
[LIVE]  660.21g | Target:  261.07g | Progress:   2.7% | Remaining: 583.7min | Source: firebase
[LIVE]  647.61g | Target:  261.07g | Progress:   5.8% | Remaining: 565.3min | Source: firebase
[LIVE]  650.10g | Target:  261.07g | Progress:   5.2% | Remaining: 569.0min | Source: firebase
[LIVE]  650.10g | Target:  261.07g | Progress:   5.2% | Remaining: 569.0min | Source: firebase
[LIVE]  645.46g | Target:  261.07g | Progress:   6.3% | Remaining: 562.2min | Source: firebase
[LIVE]  650.18g | Target:  261.07g | Progress:   5.2% | Remaining: 569.1min | Source: firebase
[LIVE]  658.87g | Target:  261.07g | Progress:   3.0% | Remaining: 581.8min | Source: firebase
[LIVE]  661.67g | Target:  261.07g | Progress:   2.4% | Remaining: 585.9min | Source: firebase
[LIVE]  661.67g | Target:  261.07g | Progress:   2.4% | Remaining: 585.9min | Source: firebase
[LIVE]  662.32g | Target:  261.07g | Progress:   2.2% | Remaining: 586.8min | Source: firebase
[LIVE]  655.25g | Target:  261.07g | Progress:   3.9% | Remaining: 576.5min | Source: firebase
[LIVE]  650.43g | Target:  261.07g | Progress:   5.1% | Remaining: 569.4min | Source: firebase
[LIVE]  650.43g | Target:  261.07g | Progress:   5.1% | Remaining: 569.4min | Source: firebase
[LIVE]  672.51g | Target:  261.07g | Progress:   0.0% | Remaining: 600.0min | Source: firebase
[LIVE]  661.95g | Target:  261.07g | Progress:   2.3% | Remaining: 586.3min | Source: firebase
[LIVE]  661.95g | Target:  261.07g | Progress:   2.3% | Remaining: 586.3min | Source: firebase
[LIVE]  662.50g | Target:  261.07g | Progress:   2.2% | Remaining: 587.1min | Source: firebase
[LIVE]  664.49g | Target:  261.07g | Progress:   1.7% | Remaining: 590.0min | Source: firebase
[LIVE]  664.49g | Target:  261.07g | Progress:   1.7% | Remaining: 590.0min | Source: firebase
[LIVE]  370.34g | Target:  261.07g | Progress:  73.4% | Remaining: 159.8min | Source: firebase
[LIVE]  396.76g | Target:  261.07g | Progress:  66.9% | Remaining: 198.4min | Source: firebase
[LIVE]  397.14g | Target:  261.07g | Progress:  66.8% | Remaining: 199.0min | Source: firebase
[LIVE]  384.16g | Target:  261.07g | Progress:  70.0% | Remaining: 180.0min | Source: firebase
[LIVE]  384.16g | Target:  261.07g | Progress:  70.0% | Remaining: 180.0min | Source: firebase
[LIVE]  392.24g | Target:  261.07g | Progress:  68.0% | Remaining: 191.8min | Source: firebase
[LIVE]  380.67g | Target:  261.07g | Progress:  70.8% | Remaining: 174.9min | Source: firebase
[LIVE]  383.79g | Target:  261.07g | Progress:  70.1% | Remaining: 179.5min | Source: firebase
127.0.0.1 - "POST /api/batch/stop HTTP/1.1" 200 -
[LIVE]  374.53g | Source: firebase | Connected: True
[LIVE]  375.55g | Source: firebase | Connected: True
[LIVE]  392.87g | Source: firebase | Connected: True
[LIVE]  410.62g | Source: firebase | Connected: True
[LIVE]  397.93g | Source: firebase | Connected: True
[LIVE]  397.14g | Source: firebase | Connected: True
[LIVE]  415.98g | Source: firebase | Connected: True
[LIVE]  404.90g | Source: firebase | Connected: True
[LIVE]  410.35g | Source: firebase | Connected: True
[LIVE]  416.59g | Source: firebase | Connected: True
[LIVE]  412.42g | Source: firebase | Connected: True
[LIVE]  412.42g | Source: firebase | Connected: False
[LIVE]  412.42g | Source: firebase | Connected: False
[LIVE]  412.42g | Source: firebase | Connected: False
[LIVE]  412.42g | Source: firebase | Connected: False
[LIVE]  412.42g | Source: firebase | Connected: False
[LIVE]  412.42g | Source: firebase | Connected: False
[LIVE]  412.42g | Source: firebase | Connected: False
[LIVE]  418.23g | Source: firebase | Connected: True
[LIVE]  423.97g | Source: firebase | Connected: True
[LIVE]  400.16g | Source: firebase | Connected: True
[LIVE]  400.16g | Source: firebase | Connected: True
[LIVE]  395.30g | Source: firebase | Connected: True
[LIVE]  414.51g | Source: firebase | Connected: True
[LIVE]  418.40g | Source: firebase | Connected: True
[LIVE]  418.40g | Source: firebase | Connected: True
[LIVE]  408.21g | Source: firebase | Connected: True
[LIVE]  417.81g | Source: firebase | Connected: True
[LIVE]  417.81g | Source: firebase | Connected: False
[LIVE]  417.81g | Source: firebase | Connected: False
[LIVE]  417.81g | Source: firebase | Connected: False
[LIVE]  417.81g | Source: firebase | Connected: False
[LIVE]  417.81g | Source: firebase | Connected: False
[LIVE]  417.81g | Source: firebase | Connected: False
[LIVE]  417.81g | Source: firebase | Connected: False
[LIVE]  417.81g | Source: firebase | Connected: False
[LIVE]  417.81g | Source: firebase | Connected: False
127.0.0.1 - "POST /api/selection HTTP/1.1" 200 -
[LIVE]  417.81g | Source: firebase | Connected: False
127.0.0.1 - "POST /api/batch/start HTTP/1.1" 200 -
[LIVE]  417.81g | Target:  162.48g | Progress:   0.0% | Remaining: 660.0min | Source: firebase
[LIVE]  409.76g | Target:  162.48g | Progress:   3.2% | Remaining: 639.2min | Source: firebase
[LIVE]  391.37g | Target:  162.48g | Progress:  10.4% | Remaining: 591.7min | Source: firebase
[LIVE]  397.49g | Target:  162.48g | Progress:   8.0% | Remaining: 607.5min | Source: firebase
[LIVE]  410.47g | Target:  162.48g | Progress:   2.9% | Remaining: 641.0min | Source: firebase
[LIVE]  396.90g | Target:  162.48g | Progress:   8.2% | Remaining: 605.9min | Source: firebase
[LIVE]  410.03g | Target:  162.48g | Progress:   3.0% | Remaining: 639.9min | Source: firebase
[LIVE]  410.03g | Target:  162.48g | Progress:   3.0% | Remaining: 639.9min | Source: firebase
[LIVE]  410.03g | Target:  162.48g | Progress:   3.0% | Remaining: 639.9min | Source: firebase
[LIVE]  410.03g | Target:  162.48g | Progress:   3.0% | Remaining: 639.9min | Source: firebase
[LIVE]  402.21g | Target:  162.48g | Progress:   6.1% | Remaining: 619.7min | Source: firebase
[LIVE]  388.29g | Target:  162.48g | Progress:  11.6% | Remaining: 583.7min | Source: firebase
[LIVE]  388.29g | Target:  162.48g | Progress:  11.6% | Remaining: 583.7min | Source: firebase
[LIVE]  388.74g | Target:  162.48g | Progress:  11.4% | Remaining: 584.9min | Source: firebase
[LIVE]  389.83g | Target:  162.48g | Progress:  11.0% | Remaining: 587.7min | Source: firebase
127.0.0.1 - "GET / HTTP/1.1" 304 -
127.0.0.1 - "GET /app.js?v=stop-drying-fix HTTP/1.1" 304 -
127.0.0.1 - "GET /api/fruits HTTP/1.1" 200 -
127.0.0.1 - "GET /api/state HTTP/1.1" 200 -
127.0.0.1 - "GET /api/events HTTP/1.1" 200 -
[LIVE]  389.83g | Target:  162.48g | Progress:  11.0% | Remaining: 587.7min | Source: firebase
[LIVE]  394.53g | Target:  162.48g | Progress:   9.1% | Remaining: 599.8min | Source: firebase
[LIVE]  394.53g | Target:  162.48g | Progress:   9.1% | Remaining: 599.8min | Source: firebase
127.0.0.1 - "POST /api/selection HTTP/1.1" 200 -
[LIVE]  392.38g | Target:  162.48g | Progress:  10.0% | Remaining: 594.3min | Source: firebase
127.0.0.1 - "POST /api/selection HTTP/1.1" 200 -
[LIVE]  392.38g | Target:  162.48g | Progress:  10.0% | Remaining: 594.3min | Source: firebase
[LIVE]  383.81g | Target:  162.48g | Progress:  13.3% | Remaining: 572.1min | Source: firebase
127.0.0.1 - "POST /api/selection HTTP/1.1" 200 -
[LIVE]  392.81g | Target:  162.48g | Progress:   9.8% | Remaining: 595.4min | Source: firebase
127.0.0.1 - "POST /api/selection HTTP/1.1" 200 -
[LIVE]  392.34g | Target:  162.48g | Progress:  10.0% | Remaining: 594.2min | Source: firebase
[LIVE]  395.81g | Target:  162.48g | Progress:   8.6% | Remaining: 603.1min | Source: firebase
127.0.0.1 - "POST /api/selection HTTP/1.1" 200 -
[LIVE]  388.21g | Target:  162.48g | Progress:  11.6% | Remaining: 583.5min | Source: firebase
[LIVE]  388.21g | Target:  162.48g | Progress:  11.6% | Remaining: 583.5min | Source: firebase
[LIVE]  388.21g | Target:  162.48g | Progress:  11.6% | Remaining: 583.5min | Source: firebase
127.0.0.1 - "POST /api/selection HTTP/1.1" 200 -
[LIVE]  388.21g | Target:  162.48g | Progress:  11.6% | Remaining: 583.5min | Source: firebase
[LIVE]  388.21g | Target:  162.48g | Progress:  11.6% | Remaining: 583.5min | Source: firebase
127.0.0.1 - "POST /api/batch/stop HTTP/1.1" 200 -
[LIVE]  381.14g | Source: firebase | Connected: True
127.0.0.1 - "GET / HTTP/1.1" 304 -
127.0.0.1 - "GET /api/fruits HTTP/1.1" 200 -
127.0.0.1 - "GET /api/state HTTP/1.1" 200 -
127.0.0.1 - "GET /api/events HTTP/1.1" 200 -
[LIVE]  396.27g | Source: firebase | Connected: True
127.0.0.1 - "POST /api/selection HTTP/1.1" 200 -
[LIVE]  400.65g | Source: firebase | Connected: True
[LIVE]  401.88g | Source: firebase | Connected: True
[LIVE]  401.88g | Source: firebase | Connected: True
[LIVE]  401.88g | Source: firebase | Connected: True
127.0.0.1 - "POST /api/batch/start HTTP/1.1" 200 -
[LIVE]  407.31g | Target:  124.83g | Progress:   0.0% | Remaining: 600.0min | Source: firebase
[LIVE]  407.31g | Target:  124.83g | Progress:   0.0% | Remaining: 600.0min | Source: firebase
[LIVE]  394.21g | Target:  124.83g | Progress:   2.8% | Remaining: 583.4min | Source: firebase
[LIVE]  404.54g | Target:  124.83g | Progress:   0.0% | Remaining: 600.0min | Source: firebase
127.0.0.1 - "POST /api/batch/stop HTTP/1.1" 200 -
[LIVE]  404.54g | Source: firebase | Connected: False
127.0.0.1 - "POST /api/selection HTTP/1.1" 200 -
[LIVE]  404.54g | Source: firebase | Connected: False
[LIVE]  404.54g | Source: firebase | Connected: False
[LIVE]  404.54g | Source: firebase | Connected: False
[LIVE]  404.54g | Source: firebase | Connected: False
[LIVE]  404.54g | Source: firebase | Connected: False
127.0.0.1 - "POST /api/batch/start HTTP/1.1" 502 -
[LIVE]  404.54g | Source: firebase | Connected: False
[LIVE]  404.54g | Source: firebase | Connected: False
[LIVE]  404.54g | Source: firebase | Connected: False
[LIVE]  404.54g | Source: firebase | Connected: False
[LIVE]  404.54g | Source: firebase | Connected: False
127.0.0.1 - "POST /api/batch/start HTTP/1.1" 502 -
[LIVE]  404.54g | Source: firebase | Connected: False
[LIVE]  404.54g | Source: firebase | Connected: False
[LIVE]  404.54g | Source: firebase | Connected: False
[LIVE]  404.54g | Source: firebase | Connected: False
[LIVE]  404.54g | Source: firebase | Connected: False
[LIVE]  404.54g | Source: firebase | Connected: False
[LIVE]  404.54g | Source: firebase | Connected: False
127.0.0.1 - "POST /api/batch/start HTTP/1.1" 502 -
[LIVE]  404.54g | Source: firebase | Connected: False
[LIVE]  404.54g | Source: firebase | Connected: False
[LIVE]  404.54g | Source: firebase | Connected: False
[LIVE]  404.54g | Source: firebase | Connected: False
[LIVE]  404.54g | Source: firebase | Connected: False
[LIVE]  404.54g | Source: firebase | Connected: False
[LIVE]  404.54g | Source: firebase | Connected: False
[LIVE]  404.54g | Source: firebase | Connected: False
[LIVE]  404.54g | Source: firebase | Connected: False
[LIVE]  404.54g | Source: firebase | Connected: False
[LIVE]  404.54g | Source: firebase | Connected: False
[LIVE]  404.54g | Source: firebase | Connected: False
[LIVE]  414.30g | Source: firebase | Connected: True
[LIVE]  414.30g | Source: firebase | Connected: True
[LIVE]  396.07g | Source: firebase | Connected: True
[LIVE]  400.53g | Source: firebase | Connected: True
[LIVE]  400.53g | Source: firebase | Connected: True
127.0.0.1 - "POST /api/batch/start HTTP/1.1" 200 -
[LIVE]  406.34g | Target:  115.42g | Progress:   0.0% | Remaining: 480.0min | Source: firebase
[LIVE]  401.40g | Target:  115.42g | Progress:   0.0% | Remaining: 480.0min | Source: firebase
[LIVE]  401.40g | Target:  115.42g | Progress:   0.0% | Remaining: 480.0min | Source: firebase
[LIVE]  399.05g | Target:  115.42g | Progress:   0.5% | Remaining: 477.5min | Source: firebase
[LIVE]  399.05g | Target:  115.42g | Progress:   0.5% | Remaining: 477.5min | Source: firebase
[LIVE]  406.89g | Target:  115.42g | Progress:   0.0% | Remaining: 480.0min | Source: firebase
[LIVE]  406.89g | Target:  115.42g | Progress:   0.0% | Remaining: 480.0min | Source: firebase
[LIVE]  402.80g | Target:  115.42g | Progress:   0.0% | Remaining: 480.0min | Source: firebase
[LIVE]  394.51g | Target:  115.42g | Progress:   2.1% | Remaining: 469.9min | Source: firebase
[LIVE]  394.51g | Target:  115.42g | Progress:   2.1% | Remaining: 469.9min | Source: firebase
[LIVE]  405.73g | Target:  115.42g | Progress:   0.0% | Remaining: 480.0min | Source: firebase
[LIVE]  405.73g | Target:  115.42g | Progress:   0.0% | Remaining: 480.0min | Source: firebase
[LIVE]  402.86g | Target:  115.42g | Progress:   0.0% | Remaining: 480.0min | Source: firebase
[LIVE]  411.00g | Target:  115.42g | Progress:   0.0% | Remaining: 480.0min | Source: firebase
[LIVE]  411.00g | Target:  115.42g | Progress:   0.0% | Remaining: 480.0min | Source: firebase
[LIVE]  407.62g | Target:  115.42g | Progress:   0.0% | Remaining: 480.0min | Source: firebase
[LIVE]  415.34g | Target:  115.42g | Progress:   0.0% | Remaining: 480.0min | Source: firebase
[LIVE]  415.34g | Target:  115.42g | Progress:   0.0% | Remaining: 480.0min | Source: firebase
[LIVE]  418.15g | Target:  115.42g | Progress:   0.0% | Remaining: 480.0min | Source: firebase
[LIVE]  418.15g | Target:  115.42g | Progress:   0.0% | Remaining: 480.0min | Source: firebase
[LIVE]  419.77g | Target:  115.42g | Progress:   0.0% | Remaining: 480.0min | Source: firebase
[LIVE]  427.11g | Target:  115.42g | Progress:   0.0% | Remaining: 480.0min | Source: firebase
[LIVE]  427.11g | Target:  115.42g | Progress:   0.0% | Remaining: 480.0min | Source: firebase
[LIVE]  432.54g | Target:  115.42g | Progress:   0.0% | Remaining: 480.0min | Source: firebase
[LIVE]  427.98g | Target:  115.42g | Progress:   0.0% | Remaining: 480.0min | Source: firebase
[LIVE]  427.98g | Target:  115.42g | Progress:   0.0% | Remaining: 480.0min | Source: firebase
[LIVE]  443.11g | Target:  115.42g | Progress:   0.0% | Remaining: 480.0min | Source: firebase
[LIVE]  429.92g | Target:  115.42g | Progress:   0.0% | Remaining: 480.0min | Source: firebase
[LIVE]  429.92g | Target:  115.42g | Progress:   0.0% | Remaining: 480.0min | Source: firebase
[LIVE]  426.20g | Target:  115.42g | Progress:   0.0% | Remaining: 480.0min | Source: firebase
[LIVE]  426.20g | Target:  115.42g | Progress:   0.0% | Remaining: 480.0min | Source: firebase
[LIVE]  445.77g | Target:  115.42g | Progress:   0.0% | Remaining: 480.0min | Source: firebase
[LIVE]  445.77g | Target:  115.42g | Progress:   0.0% | Remaining: 480.0min | Source: firebase
[LIVE]  438.73g | Target:  115.42g | Progress:   0.0% | Remaining: 480.0min | Source: firebase
[LIVE]  432.33g | Target:  115.42g | Progress:   0.0% | Remaining: 480.0min | Source: firebase
[LIVE]  432.33g | Target:  115.42g | Progress:   0.0% | Remaining: 480.0min | Source: firebase
[LIVE]  431.64g | Target:  115.42g | Progress:   0.0% | Remaining: 480.0min | Source: firebase
[LIVE]  431.64g | Target:  115.42g | Progress:   0.0% | Remaining: 480.0min | Source: firebase
[LIVE]  428.32g | Target:  115.42g | Progress:   0.0% | Remaining: 480.0min | Source: firebase
[LIVE]  440.48g | Target:  115.42g | Progress:   0.0% | Remaining: 480.0min | Source: firebase
[LIVE]  440.48g | Target:  115.42g | Progress:   0.0% | Remaining: 480.0min | Source: firebase
[LIVE]  432.45g | Target:  115.42g | Progress:   0.0% | Remaining: 480.0min | Source: firebase
[LIVE]  432.45g | Target:  115.42g | Progress:   0.0% | Remaining: 480.0min | Source: firebase
[LIVE]  506.36g | Target:  115.42g | Progress:   0.0% | Remaining: 480.0min | Source: firebase
[LIVE]  449.88g | Target:  115.42g | Progress:   0.0% | Remaining: 480.0min | Source: firebase
[LIVE]  449.88g | Target:  115.42g | Progress:   0.0% | Remaining: 480.0min | Source: firebase
[LIVE]  453.18g | Target:  115.42g | Progress:   0.0% | Remaining: 480.0min | Source: firebase
[LIVE]  797.00g | Target:  115.42g | Progress:   0.0% | Remaining: 480.0min | Source: firebase
[LIVE]  797.00g | Target:  115.42g | Progress:   0.0% | Remaining: 480.0min | Source: firebase
[LIVE]  917.28g | Target:  115.42g | Progress:   0.0% | Remaining: 480.0min | Source: firebase
[LIVE]  917.28g | Target:  115.42g | Progress:   0.0% | Remaining: 480.0min | Source: firebase
[LIVE]  973.34g | Target:  115.42g | Progress:   0.0% | Remaining: 480.0min | Source: firebase
[LIVE]  978.40g | Target:  115.42g | Progress:   0.0% | Remaining: 480.0min | Source: firebase
[LIVE]  978.40g | Target:  115.42g | Progress:   0.0% | Remaining: 480.0min | Source: firebase
[LIVE]  986.45g | Target:  115.42g | Progress:   0.0% | Remaining: 480.0min | Source: firebase
[LIVE]  986.45g | Target:  115.42g | Progress:   0.0% | Remaining: 480.0min | Source: firebase
[LIVE]  985.66g | Target:  115.42g | Progress:   0.0% | Remaining: 480.0min | Source: firebase
[LIVE] 1048.84g | Target:  115.42g | Progress:   0.0% | Remaining: 480.0min | Source: firebase
[LIVE] 1048.84g | Target:  115.42g | Progress:   0.0% | Remaining: 480.0min | Source: firebase
[LIVE]  816.35g | Target:  115.42g | Progress:   0.0% | Remaining: 480.0min | Source: firebase
[LIVE]  790.84g | Target:  115.42g | Progress:   0.0% | Remaining: 480.0min | Source: firebase
[LIVE]  790.84g | Target:  115.42g | Progress:   0.0% | Remaining: 480.0min | Source: firebase
[LIVE]   64.18g | Source: firebase | Connected: True
[LIVE]  446.15g | Source: firebase | Connected: True
[LIVE]  446.15g | Source: firebase | Connected: True
[LIVE]  446.15g | Source: firebase | Connected: True
[LIVE]  434.42g | Source: firebase | Connected: True
[LIVE]  437.09g | Source: firebase | Connected: True
[LIVE]  437.09g | Source: firebase | Connected: True
[LIVE]  439.65g | Source: firebase | Connected: True
[LIVE]  426.38g | Source: firebase | Connected: True
[LIVE]  426.38g | Source: firebase | Connected: True
[LIVE]  432.21g | Source: firebase | Connected: True
[LIVE]  433.29g | Source: firebase | Connected: True
[LIVE]  434.87g | Source: firebase | Connected: True
[LIVE]  434.87g | Source: firebase | Connected: True
[LIVE]  433.83g | Source: firebase | Connected: True
[LIVE]  433.83g | Source: firebase | Connected: True
[LIVE]  434.62g | Source: firebase | Connected: True
[LIVE]  434.62g | Source: firebase | Connected: True
[LIVE]  437.99g | Source: firebase | Connected: True
[LIVE]  436.59g | Source: firebase | Connected: True
[LIVE]  437.28g | Source: firebase | Connected: True
[LIVE]  437.28g | Source: firebase | Connected: True
[LIVE]  453.00g | Source: firebase | Connected: True
[LIVE]  453.00g | Source: firebase | Connected: True
[LIVE]  446.05g | Source: firebase | Connected: True
[LIVE]  446.76g | Source: firebase | Connected: True
[LIVE]  446.76g | Source: firebase | Connected: True
[LIVE]  455.14g | Source: firebase | Connected: True
[LIVE]  443.64g | Source: firebase | Connected: True
[LIVE]  443.64g | Source: firebase | Connected: True
[LIVE]  442.50g | Source: firebase | Connected: True
[LIVE]  442.44g | Source: firebase | Connected: True
[LIVE]  442.44g | Source: firebase | Connected: True
[LIVE]  452.75g | Source: firebase | Connected: True
[LIVE]  456.40g | Source: firebase | Connected: True
[LIVE]  456.40g | Source: firebase | Connected: True
[LIVE]  457.74g | Source: firebase | Connected: True
[LIVE]  456.75g | Source: firebase | Connected: True
[LIVE]  456.75g | Source: firebase | Connected: True
[LIVE]  451.80g | Source: firebase | Connected: True
[LIVE]  464.14g | Source: firebase | Connected: True
[LIVE]  464.14g | Source: firebase | Connected: True
[LIVE]  447.02g | Source: firebase | Connected: True
127.0.0.1 - "POST /api/batch/reset HTTP/1.1" 200 -
[LIVE]  435.43g | Source: firebase | Connected: True
[LIVE]  434.70g | Source: firebase | Connected: True
127.0.0.1 - "POST /api/selection HTTP/1.1" 200 -
[LIVE]  434.70g | Source: firebase | Connected: True
[LIVE]  436.57g | Source: firebase | Connected: True
127.0.0.1 - "POST /api/batch/start HTTP/1.1" 200 -
[LIVE]  436.57g | Target:  135.60g | Progress:   0.0% | Remaining: 600.0min | Source: firebase
[LIVE]  505.67g | Target:  135.60g | Progress:   0.0% | Remaining: 600.0min | Source: firebase
[LIVE]  441.71g | Target:  135.60g | Progress:   0.0% | Remaining: 600.0min | Source: firebase
[LIVE]  441.71g | Target:  135.60g | Progress:   0.0% | Remaining: 600.0min | Source: firebase
[LIVE]  429.70g | Target:  135.60g | Progress:   2.3% | Remaining: 586.3min | Source: firebase
[LIVE]  429.70g | Target:  135.60g | Progress:   2.3% | Remaining: 586.3min | Source: firebase
[LIVE]  425.57g | Target:  135.60g | Progress:   3.7% | Remaining: 578.1min | Source: firebase
[LIVE]  425.57g | Target:  135.60g | Progress:   3.7% | Remaining: 578.1min | Source: firebase
[LIVE]  430.33g | Target:  135.60g | Progress:   2.1% | Remaining: 587.6min | Source: firebase
[LIVE]  441.63g | Target:  135.60g | Progress:   0.0% | Remaining: 600.0min | Source: firebase
127.0.0.1 - "POST /api/batch/stop HTTP/1.1" 200 -
[LIVE]  441.63g | Source: firebase | Connected: True
[LIVE]  437.36g | Source: firebase | Connected: True
[LIVE]  437.36g | Source: firebase | Connected: True
[LIVE]  434.07g | Source: firebase | Connected: True
[LIVE]  434.07g | Source: firebase | Connected: True
[LIVE]  446.70g | Source: firebase | Connected: True
[LIVE]  448.66g | Source: firebase | Connected: True
[LIVE]  448.66g | Source: firebase | Connected: True
[LIVE]  442.56g | Source: firebase | Connected: True
[LIVE]  436.95g | Source: firebase | Connected: True
[LIVE]  436.95g | Source: firebase | Connected: True
[LIVE]  436.95g | Source: firebase | Connected: True
[LIVE]  441.65g | Source: firebase | Connected: True
[LIVE]  441.65g | Source: firebase | Connected: True
127.0.0.1 - "POST /api/selection HTTP/1.1" 200 -
[LIVE]  445.44g | Source: firebase | Connected: True
[LIVE]  445.44g | Source: firebase | Connected: True
[LIVE]  441.06g | Source: firebase | Connected: True
127.0.0.1 - "POST /api/batch/start HTTP/1.1" 200 -
[LIVE]  441.06g | Target:   68.94g | Progress:   1.2% | Remaining: 889.5min | Source: firebase
[LIVE]  449.43g | Target:   68.94g | Progress:   0.0% | Remaining: 900.0min | Source: firebase
[LIVE]  437.92g | Target:   68.94g | Progress:   2.0% | Remaining: 882.0min | Source: firebase
127.0.0.1 - "POST /api/batch/stop HTTP/1.1" 200 -
[LIVE]  437.92g | Source: firebase | Connected: True
[LIVE]  440.25g | Source: firebase | Connected: True
[LIVE]  440.25g | Source: firebase | Connected: True
[LIVE]  449.19g | Source: firebase | Connected: True
[LIVE]  449.37g | Source: firebase | Connected: True
127.0.0.1 - "POST /api/selection HTTP/1.1" 200 -
[LIVE]  449.37g | Source: firebase | Connected: True
[LIVE]  450.87g | Source: firebase | Connected: True
[LIVE]  435.01g | Source: firebase | Connected: True
127.0.0.1 - "POST /api/batch/start HTTP/1.1" 200 -
[LIVE]  435.01g | Target:  125.36g | Progress:   0.0% | Remaining: 480.0min | Source: firebase
[LIVE]  440.30g | Target:  125.36g | Progress:   0.0% | Remaining: 480.0min | Source: firebase
[LIVE]  437.15g | Target:  125.36g | Progress:   0.0% | Remaining: 480.0min | Source: firebase
[LIVE]  437.15g | Target:  125.36g | Progress:   0.0% | Remaining: 480.0min | Source: firebase
[LIVE]   42.26g | Source: firebase | Connected: True
[LIVE]   41.63g | Source: firebase | Connected: True
[LIVE]   41.63g | Source: firebase | Connected: True
[LIVE]   45.74g | Source: firebase | Connected: True
[LIVE]   45.74g | Source: firebase | Connected: True
127.0.0.1 - "POST /api/batch/reset HTTP/1.1" 200 -
[LIVE]   46.58g | Source: firebase | Connected: True
[LIVE]   45.64g | Source: firebase | Connected: True
[LIVE]   46.94g | Source: firebase | Connected: True
[LIVE]   46.94g | Source: firebase | Connected: True
[LIVE]   45.93g | Source: firebase | Connected: True
[LIVE]  437.48g | Source: firebase | Connected: True
[LIVE]  437.48g | Source: firebase | Connected: True
[LIVE]  432.84g | Source: firebase | Connected: True
[LIVE]  439.87g | Source: firebase | Connected: True
127.0.0.1 - "POST /api/selection HTTP/1.1" 200 -
[LIVE]  439.87g | Source: firebase | Connected: True
[LIVE]  447.51g | Source: firebase | Connected: True
127.0.0.1 - "POST /api/batch/start HTTP/1.1" 200 -
[LIVE]  453.34g | Target:   69.26g | Progress:   0.0% | Remaining: 900.0min | Source: firebase
[LIVE]  453.34g | Target:   69.26g | Progress:   0.0% | Remaining: 900.0min | Source: firebase
[LIVE]  428.67g | Target:   69.26g | Progress:   5.0% | Remaining: 855.2min | Source: firebase
[LIVE]  337.94g | Target:   69.26g | Progress:  29.0% | Remaining: 639.3min | Source: firebase
[LIVE]  337.94g | Target:   69.26g | Progress:  29.0% | Remaining: 639.3min | Source: firebase
[LIVE]   36.08g | Source: firebase | Connected: True
[LIVE]   33.99g | Source: firebase | Connected: True
[LIVE]   33.99g | Source: firebase | Connected: True
[LIVE]  436.75g | Source: firebase | Connected: True
[LIVE]  436.75g | Source: firebase | Connected: True
[LIVE]  433.45g | Source: firebase | Connected: True
[LIVE]  439.14g | Source: firebase | Connected: True
[LIVE]  439.14g | Source: firebase | Connected: True
[LIVE]  447.73g | Source: firebase | Connected: True
[LIVE]  447.73g | Source: firebase | Connected: True
[LIVE]  437.15g | Source: firebase | Connected: True
[LIVE]  437.15g | Source: firebase | Connected: True
[LIVE]  435.62g | Source: firebase | Connected: True
[LIVE]  439.20g | Source: firebase | Connected: True
[LIVE]  439.20g | Source: firebase | Connected: True
[LIVE]  434.50g | Source: firebase | Connected: True
[LIVE]  432.13g | Source: firebase | Connected: True
[LIVE]  432.13g | Source: firebase | Connected: True
[LIVE]  432.13g | Source: firebase | Connected: True
[LIVE]  436.75g | Source: firebase | Connected: True
[LIVE]  437.42g | Source: firebase | Connected: True
[LIVE]  437.42g | Source: firebase | Connected: True
[LIVE]  435.49g | Source: firebase | Connected: True
[LIVE]  435.49g | Source: firebase | Connected: True
127.0.0.1 - "POST /api/batch/reset HTTP/1.1" 200 -
[LIVE]  432.68g | Source: firebase | Connected: True
[LIVE]  703.75g | Source: firebase | Connected: True
[LIVE]  703.75g | Source: firebase | Connected: True
[LIVE]  428.71g | Source: firebase | Connected: True
[LIVE]  428.71g | Source: firebase | Connected: True
[LIVE]  423.26g | Source: firebase | Connected: True
[LIVE]  421.21g | Source: firebase | Connected: True
[LIVE]  421.21g | Source: firebase | Connected: True
[LIVE]  412.07g | Source: firebase | Connected: True
[LIVE]  412.07g | Source: firebase | Connected: True
[LIVE]  419.00g | Source: firebase | Connected: True
[LIVE]  418.60g | Source: firebase | Connected: True
[LIVE]  418.60g | Source: firebase | Connected: True
127.0.0.1 - "POST /api/selection HTTP/1.1" 200 -
[LIVE]  440.01g | Source: firebase | Connected: True
[LIVE]  430.92g | Source: firebase | Connected: True
[LIVE]  430.92g | Source: firebase | Connected: True
[LIVE]  432.31g | Source: firebase | Connected: True
[LIVE]  432.31g | Source: firebase | Connected: True
[LIVE]  418.86g | Source: firebase | Connected: True
[LIVE]  416.85g | Source: firebase | Connected: True
[LIVE]  416.85g | Source: firebase | Connected: True
[LIVE]  426.05g | Source: firebase | Connected: True
[LIVE]  426.05g | Source: firebase | Connected: True
[LIVE]  423.34g | Source: firebase | Connected: True
[LIVE]  426.28g | Source: firebase | Connected: True
[LIVE]  426.28g | Source: firebase | Connected: True
[LIVE]  425.30g | Source: firebase | Connected: True
[LIVE]  418.15g | Source: firebase | Connected: True
[LIVE]  418.15g | Source: firebase | Connected: True
[LIVE]  433.35g | Source: firebase | Connected: True
[LIVE]  438.25g | Source: firebase | Connected: True
[LIVE]  438.25g | Source: firebase | Connected: True
[LIVE]  425.85g | Source: firebase | Connected: True
[LIVE]  425.85g | Source: firebase | Connected: True
[LIVE]  425.71g | Source: firebase | Connected: True
[LIVE]  417.28g | Source: firebase | Connected: True
[LIVE]  417.28g | Source: firebase | Connected: True
[LIVE]  430.37g | Source: firebase | Connected: True
[LIVE]  420.89g | Source: firebase | Connected: True
[LIVE]  420.89g | Source: firebase | Connected: True
[LIVE]  425.67g | Source: firebase | Connected: True
[LIVE]  421.96g | Source: firebase | Connected: True
[LIVE]  418.68g | Source: firebase | Connected: True
[LIVE]  418.68g | Source: firebase | Connected: True
[LIVE]  427.86g | Source: firebase | Connected: True
[LIVE]  441.09g | Source: firebase | Connected: True
[LIVE]  441.09g | Source: firebase | Connected: True
[LIVE]  430.57g | Source: firebase | Connected: True
[LIVE]  430.57g | Source: firebase | Connected: True
[LIVE]  417.44g | Source: firebase | Connected: True
[LIVE]  425.55g | Source: firebase | Connected: True
[LIVE]  425.55g | Source: firebase | Connected: True
[LIVE]  416.43g | Source: firebase | Connected: True
[LIVE]  422.43g | Source: firebase | Connected: True
[LIVE]  422.43g | Source: firebase | Connected: True
[LIVE]  418.64g | Source: firebase | Connected: True
[LIVE]  418.64g | Source: firebase | Connected: True
[LIVE]  426.30g | Source: firebase | Connected: True
[LIVE]  430.19g | Source: firebase | Connected: True
[LIVE]  430.19g | Source: firebase | Connected: True
[LIVE]  430.55g | Source: firebase | Connected: True
[LIVE]  430.55g | Source: firebase | Connected: True
[LIVE]  415.03g | Source: firebase | Connected: True
[LIVE] 4841.39g | Source: firebase | Connected: True
[LIVE] 4841.39g | Source: firebase | Connected: True
[LIVE]  415.26g | Source: firebase | Connected: True
[LIVE]  415.26g | Source: firebase | Connected: True
[LIVE]  407.58g | Source: firebase | Connected: True
[LIVE]  414.32g | Source: firebase | Connected: True
[LIVE]  414.32g | Source: firebase | Connected: True
[LIVE]  414.49g | Source: firebase | Connected: True
[LIVE]  414.63g | Source: firebase | Connected: True
[LIVE]  414.63g | Source: firebase | Connected: True
[LIVE]  425.65g | Source: firebase | Connected: True
[LIVE]  425.65g | Source: firebase | Connected: True
[LIVE]  419.43g | Source: firebase | Connected: True
[LIVE]  419.43g | Source: firebase | Connected: True
[LIVE]  414.85g | Source: firebase | Connected: True
[LIVE]  420.36g | Source: firebase | Connected: True
[LIVE]  420.36g | Source: firebase | Connected: True
[LIVE]  421.70g | Source: firebase | Connected: True
[LIVE]  421.31g | Source: firebase | Connected: True
[LIVE]  421.31g | Source: firebase | Connected: True
[LIVE]  427.96g | Source: firebase | Connected: True
[LIVE]  427.96g | Source: firebase | Connected: True
[LIVE]  436.99g | Source: firebase | Connected: True
[LIVE]  443.94g | Source: firebase | Connected: True
[LIVE]  428.85g | Source: firebase | Connected: True
[LIVE]  428.85g | Source: firebase | Connected: True
[LIVE]  436.37g | Source: firebase | Connected: True
[LIVE]  436.37g | Source: firebase | Connected: True
[LIVE]  440.54g | Source: firebase | Connected: True
[LIVE]  440.54g | Source: firebase | Connected: True
[LIVE]  429.88g | Source: firebase | Connected: True
[LIVE]  428.47g | Source: firebase | Connected: True
[LIVE]  428.47g | Source: firebase | Connected: True
[LIVE]  427.47g | Source: firebase | Connected: True
[LIVE]  427.47g | Source: firebase | Connected: True
[LIVE]  423.50g | Source: firebase | Connected: True
[LIVE]  421.86g | Source: firebase | Connected: True
[LIVE]  421.86g | Source: firebase | Connected: True
[LIVE]  423.32g | Source: firebase | Connected: True
[LIVE]  423.32g | Source: firebase | Connected: True
[LIVE]  432.52g | Source: firebase | Connected: True
[LIVE]  415.30g | Source: firebase | Connected: True
[LIVE]  415.30g | Source: firebase | Connected: True
[LIVE]  412.84g | Source: firebase | Connected: True
[LIVE]  412.84g | Source: firebase | Connected: True
[LIVE]  414.10g | Source: firebase | Connected: True
[LIVE]  417.48g | Source: firebase | Connected: True
[LIVE]  417.48g | Source: firebase | Connected: True
[LIVE]  420.85g | Source: firebase | Connected: True
[LIVE]  421.27g | Source: firebase | Connected: True
[LIVE]  421.27g | Source: firebase | Connected: True
[LIVE]  424.43g | Source: firebase | Connected: True
[LIVE]  424.43g | Source: firebase | Connected: True
[LIVE]  433.02g | Source: firebase | Connected: True
[LIVE]  423.70g | Source: firebase | Connected: True
[LIVE]  423.70g | Source: firebase | Connected: True
[LIVE]  431.36g | Source: firebase | Connected: True
[LIVE]  417.59g | Source: firebase | Connected: True
[LIVE]  417.59g | Source: firebase | Connected: True
[LIVE]  416.67g | Source: firebase | Connected: True
[LIVE]  415.72g | Source: firebase | Connected: True
[LIVE]  415.72g | Source: firebase | Connected: True
[LIVE]  418.92g | Source: firebase | Connected: True
[LIVE]  429.44g | Source: firebase | Connected: True
[LIVE]  429.44g | Source: firebase | Connected: True
[LIVE]  423.07g | Source: firebase | Connected: True
[LIVE]  424.82g | Source: firebase | Connected: True
[LIVE]  424.82g | Source: firebase | Connected: True
[LIVE]  429.66g | Source: firebase | Connected: True
[LIVE]  431.26g | Source: firebase | Connected: True
[LIVE]  431.26g | Source: firebase | Connected: True
[LIVE]  416.59g | Source: firebase | Connected: True
[LIVE]  425.39g | Source: firebase | Connected: True
[LIVE]  425.39g | Source: firebase | Connected: True
[LIVE]  422.29g | Source: firebase | Connected: True
[LIVE]  424.64g | Source: firebase | Connected: True
[LIVE]  424.64g | Source: firebase | Connected: True
[LIVE]  425.63g | Source: firebase | Connected: True
[LIVE]  425.75g | Source: firebase | Connected: True
[LIVE]  425.75g | Source: firebase | Connected: True
[LIVE]  430.75g | Source: firebase | Connected: True
[LIVE]  433.35g | Source: firebase | Connected: True
[LIVE]  424.72g | Source: firebase | Connected: True
[LIVE]  429.52g | Source: firebase | Connected: True
[LIVE]  429.52g | Source: firebase | Connected: True
[LIVE]  425.79g | Source: firebase | Connected: True
[LIVE]  417.36g | Source: firebase | Connected: True
[LIVE]  414.87g | Source: firebase | Connected: True
[LIVE]  429.40g | Source: firebase | Connected: True
[LIVE]  429.40g | Source: firebase | Connected: True
[LIVE]  428.81g | Source: firebase | Connected: True
[LIVE]  418.86g | Source: firebase | Connected: True
[LIVE]  418.86g | Source: firebase | Connected: True
[LIVE]  437.05g | Source: firebase | Connected: True
[LIVE]  422.02g | Source: firebase | Connected: True
[LIVE]  445.58g | Source: firebase | Connected: True
[LIVE]  436.63g | Source: firebase | Connected: True
[LIVE]  436.63g | Source: firebase | Connected: True
[LIVE]  424.03g | Source: firebase | Connected: True
[LIVE]  425.08g | Source: firebase | Connected: True
[LIVE]  427.82g | Source: firebase | Connected: True
[LIVE]  428.40g | Source: firebase | Connected: True
[LIVE]  428.40g | Source: firebase | Connected: True
[LIVE]  424.05g | Source: firebase | Connected: True
[LIVE]  434.97g | Source: firebase | Connected: True
[LIVE]  430.93g | Source: firebase | Connected: True
[LIVE]  423.40g | Source: firebase | Connected: True
[LIVE]  423.40g | Source: firebase | Connected: True
[LIVE]  422.89g | Source: firebase | Connected: True
[LIVE]  422.89g | Source: firebase | Connected: True
[LIVE]  422.89g | Source: firebase | Connected: True
[LIVE]  419.05g | Source: firebase | Connected: True
[LIVE]  419.05g | Source: firebase | Connected: True
[LIVE]  419.92g | Source: firebase | Connected: True
[LIVE]  425.49g | Source: firebase | Connected: True
[LIVE]  425.49g | Source: firebase | Connected: True
[LIVE]  429.11g | Source: firebase | Connected: True
[LIVE]  431.77g | Source: firebase | Connected: True
[LIVE]  431.77g | Source: firebase | Connected: True
[LIVE]  424.37g | Source: firebase | Connected: True
[LIVE]  430.55g | Source: firebase | Connected: True
[LIVE]  430.55g | Source: firebase | Connected: True
[LIVE]  432.72g | Source: firebase | Connected: True
[LIVE]  432.72g | Source: firebase | Connected: True
[LIVE]  425.87g | Source: firebase | Connected: True
[LIVE]  415.27g | Source: firebase | Connected: True
[LIVE]  415.27g | Source: firebase | Connected: True
[LIVE]  424.11g | Source: firebase | Connected: True
[LIVE]  420.54g | Source: firebase | Connected: True
[LIVE]  420.54g | Source: firebase | Connected: True
[LIVE]  432.39g | Source: firebase | Connected: True
[LIVE]  433.13g | Source: firebase | Connected: True
[LIVE]  433.14g | Source: firebase | Connected: True
[LIVE]  433.14g | Source: firebase | Connected: True
[LIVE]  435.64g | Source: firebase | Connected: True
[LIVE]  424.19g | Source: firebase | Connected: True
[LIVE]  424.19g | Source: firebase | Connected: True
[LIVE]  431.38g | Source: firebase | Connected: True
[LIVE]  431.38g | Source: firebase | Connected: True
[LIVE]  428.22g | Source: firebase | Connected: True
[LIVE]  444.04g | Source: firebase | Connected: True
[LIVE]  437.70g | Source: firebase | Connected: True
[LIVE]  437.70g | Source: firebase | Connected: True
[LIVE]  429.31g | Source: firebase | Connected: True
[LIVE]  429.31g | Source: firebase | Connected: True
[LIVE]  435.15g | Source: firebase | Connected: True
[LIVE]  430.86g | Source: firebase | Connected: True
[LIVE]  434.83g | Source: firebase | Connected: True
[LIVE]  434.83g | Source: firebase | Connected: True
[LIVE]  425.65g | Source: firebase | Connected: True
[LIVE]  427.47g | Source: firebase | Connected: True
[LIVE]  427.47g | Source: firebase | Connected: True
[LIVE]  428.30g | Source: firebase | Connected: True
[LIVE]  428.53g | Source: firebase | Connected: True
[LIVE]  428.53g | Source: firebase | Connected: True
[LIVE]  437.38g | Source: firebase | Connected: True
[LIVE]  422.08g | Source: firebase | Connected: True
[LIVE]  422.08g | Source: firebase | Connected: True
[LIVE]  432.72g | Source: firebase | Connected: True
[LIVE]  432.72g | Source: firebase | Connected: False
[LIVE]  445.44g | Source: firebase | Connected: True
[LIVE]  445.44g | Source: firebase | Connected: True
[LIVE]  445.44g | Source: firebase | Connected: True
[LIVE]  445.44g | Source: firebase | Connected: True
[LIVE]  445.44g | Source: firebase | Connected: True
[LIVE]  445.44g | Source: firebase | Connected: True
[LIVE]  445.44g | Source: firebase | Connected: True
[LIVE]  445.44g | Source: firebase | Connected: True
[LIVE]  445.44g | Source: firebase | Connected: True
[LIVE]  445.44g | Source: firebase | Connected: True
[LIVE]  445.44g | Source: firebase | Connected: True
[LIVE]  445.44g | Source: firebase | Connected: True
[LIVE]  445.44g | Source: firebase | Connected: True
[LIVE]  445.44g | Source: firebase | Connected: True
[LIVE]  445.44g | Source: firebase | Connected: True
[LIVE]  445.44g | Source: firebase | Connected: True
[LIVE]  445.44g | Source: firebase | Connected: True
[LIVE]  445.44g | Source: firebase | Connected: True
[LIVE]  445.44g | Source: firebase | Connected: True
[LIVE]  445.44g | Source: firebase | Connected: True
[LIVE]  445.44g | Source: firebase | Connected: True
[LIVE]  445.44g | Source: firebase | Connected: True
[LIVE]  445.44g | Source: firebase | Connected: True
[LIVE]  445.44g | Source: firebase | Connected: True
[LIVE]  445.44g | Source: firebase | Connected: True
[LIVE]  445.44g | Source: firebase | Connected: True
[LIVE]  445.44g | Source: firebase | Connected: True
[LIVE]  445.44g | Source: firebase | Connected: True
[LIVE]  445.44g | Source: firebase | Connected: True
[LIVE]  445.44g | Source: firebase | Connected: True
[LIVE]  445.44g | Source: firebase | Connected: True
[LIVE]  445.44g | Source: firebase | Connected: True
[LIVE]  445.44g | Source: firebase | Connected: True
[LIVE]  445.44g | Source: firebase | Connected: True
[LIVE]  445.44g | Source: firebase | Connected: True
[LIVE]  445.44g | Source: firebase | Connected: True
[LIVE]  445.44g | Source: firebase | Connected: True
[LIVE]  445.44g | Source: firebase | Connected: True
[LIVE]  445.44g | Source: firebase | Connected: True
[LIVE]  445.44g | Source: firebase | Connected: True
[LIVE]  445.44g | Source: firebase | Connected: True
[LIVE]  445.44g | Source: firebase | Connected: True
[LIVE]  445.44g | Source: firebase | Connected: True
[LIVE]  445.44g | Source: firebase | Connected: True
[LIVE]  445.44g | Source: firebase | Connected: True
[LIVE]  445.44g | Source: firebase | Connected: True
[LIVE]  445.44g | Source: firebase | Connected: True
[LIVE]  445.44g | Source: firebase | Connected: True
[LIVE]  445.44g | Source: firebase | Connected: False
[LIVE]  445.44g | Source: firebase | Connected: True
[LIVE]  445.44g | Source: firebase | Connected: True
[LIVE]  445.44g | Source: firebase | Connected: True
[LIVE]  445.44g | Source: firebase | Connected: True
[LIVE]  445.44g | Source: firebase | Connected: True
[LIVE]  445.44g | Source: firebase | Connected: True
[LIVE]  445.44g | Source: firebase | Connected: True
[LIVE]  445.44g | Source: firebase | Connected: True
[LIVE]  445.44g | Source: firebase | Connected: True
[LIVE]  445.44g | Source: firebase | Connected: True
[LIVE]  445.44g | Source: firebase | Connected: True
[LIVE]  445.44g | Source: firebase | Connected: True
[LIVE]  445.44g | Source: firebase | Connected: True
[LIVE]  445.44g | Source: firebase | Connected: True
[LIVE]  445.44g | Source: firebase | Connected: True
[LIVE]  445.44g | Source: firebase | Connected: True
[LIVE]  445.44g | Source: firebase | Connected: True
[LIVE]  445.44g | Source: firebase | Connected: True
[LIVE]  445.44g | Source: firebase | Connected: True
[LIVE]  445.44g | Source: firebase | Connected: True
[LIVE]  445.44g | Source: firebase | Connected: True
[LIVE]  445.44g | Source: firebase | Connected: True
[LIVE]  445.44g | Source: firebase | Connected: True
[LIVE]  445.44g | Source: firebase | Connected: True
[LIVE]  445.44g | Source: firebase | Connected: True
[LIVE]  445.44g | Source: firebase | Connected: True
[LIVE]  445.44g | Source: firebase | Connected: True
[LIVE]  445.44g | Source: firebase | Connected: True
[LIVE]  445.44g | Source: firebase | Connected: True
[LIVE]  445.44g | Source: firebase | Connected: True
[LIVE]  445.44g | Source: firebase | Connected: True
[LIVE]  445.44g | Source: firebase | Connected: True
[LIVE]  445.44g | Source: firebase | Connected: True
[LIVE]  445.44g | Source: firebase | Connected: True
[LIVE]  445.44g | Source: firebase | Connected: True
[LIVE]  445.44g | Source: firebase | Connected: True
[LIVE]  445.44g | Source: firebase | Connected: True
[LIVE]  445.44g | Source: firebase | Connected: True
[LIVE]  445.44g | Source: firebase | Connected: True
[LIVE]  445.44g | Source: firebase | Connected: True
127.0.0.1 - "POST /api/batch/start HTTP/1.1" 200 -
[LIVE]  445.44g | Target:   78.61g | Progress:   0.0% | Remaining: 600.0min | Source: firebase
[LIVE]  445.44g | Target:   78.61g | Progress:   0.0% | Remaining: 600.0min | Source: firebase
[LIVE]  445.44g | Target:   78.61g | Progress:   0.0% | Remaining: 600.0min | Source: firebase
[LIVE]  445.44g | Target:   78.61g | Progress:   0.0% | Remaining: 600.0min | Source: firebase
[LIVE]  445.44g | Target:   78.61g | Progress:   0.0% | Remaining: 600.0min | Source: firebase
[LIVE]  445.44g | Target:   78.61g | Progress:   0.0% | Remaining: 600.0min | Source: firebase
[LIVE]  445.44g | Target:   78.61g | Progress:   0.0% | Remaining: 600.0min | Source: firebase
[LIVE]  445.44g | Target:   78.61g | Progress:   0.0% | Remaining: 600.0min | Source: firebase
[LIVE]  445.44g | Target:   78.61g | Progress:   0.0% | Remaining: 600.0min | Source: firebase
[LIVE]  445.44g | Target:   78.61g | Progress:   0.0% | Remaining: 600.0min | Source: firebase
[LIVE]  445.44g | Target:   78.61g | Progress:   0.0% | Remaining: 600.0min | Source: firebase
[LIVE]  445.44g | Target:   78.61g | Progress:   0.0% | Remaining: 600.0min | Source: firebase
[LIVE]  445.44g | Target:   78.61g | Progress:   0.0% | Remaining: 600.0min | Source: firebase
[LIVE]  445.44g | Target:   78.61g | Progress:   0.0% | Remaining: 600.0min | Source: firebase
[LIVE]  445.44g | Target:   78.61g | Progress:   0.0% | Remaining: 600.0min | Source: firebase
[LIVE]  445.44g | Target:   78.61g | Progress:   0.0% | Remaining: 600.0min | Source: firebase
[LIVE]  445.44g | Target:   78.61g | Progress:   0.0% | Remaining: 600.0min | Source: firebase
[LIVE]  445.44g | Target:   78.61g | Progress:   0.0% | Remaining: 600.0min | Source: firebase
[LIVE]  445.44g | Target:   78.61g | Progress:   0.0% | Remaining: 600.0min | Source: firebase
[LIVE]  445.44g | Target:   78.61g | Progress:   0.0% | Remaining: 600.0min | Source: firebase
[LIVE]  445.44g | Target:   78.61g | Progress:   0.0% | Remaining: 600.0min | Source: firebase
[LIVE]  445.44g | Target:   78.61g | Progress:   0.0% | Remaining: 600.0min | Source: firebase
[LIVE]  445.44g | Target:   78.61g | Progress:   0.0% | Remaining: 600.0min | Source: firebase
[LIVE]  445.44g | Target:   78.61g | Progress:   0.0% | Remaining: 600.0min | Source: firebase
[LIVE]  445.44g | Target:   78.61g | Progress:   0.0% | Remaining: 600.0min | Source: firebase
[LIVE]  445.44g | Target:   78.61g | Progress:   0.0% | Remaining: 600.0min | Source: firebase
[LIVE]  445.44g | Target:   78.61g | Progress:   0.0% | Remaining: 600.0min | Source: firebase
[LIVE]  445.44g | Target:   78.61g | Progress:   0.0% | Remaining: 600.0min | Source: firebase
[LIVE]  445.44g | Target:   78.61g | Progress:   0.0% | Remaining: 600.0min | Source: firebase
[LIVE]  445.44g | Target:   78.61g | Progress:   0.0% | Remaining: 600.0min | Source: firebase
[LIVE]  445.44g | Target:   78.61g | Progress:   0.0% | Remaining: 600.0min | Source: firebase
[LIVE]  445.44g | Target:   78.61g | Progress:   0.0% | Remaining: 600.0min | Source: firebase
[LIVE]  445.44g | Target:   78.61g | Progress:   0.0% | Remaining: 600.0min | Source: firebase
[LIVE]  445.44g | Target:   78.61g | Progress:   0.0% | Remaining: 600.0min | Source: firebase
[LIVE]  445.44g | Target:   78.61g | Progress:   0.0% | Remaining: 600.0min | Source: firebase
[LIVE]  445.44g | Target:   78.61g | Progress:   0.0% | Remaining: 600.0min | Source: firebase
[LIVE]  445.44g | Target:   78.61g | Progress:   0.0% | Remaining: 600.0min | Source: firebase
[LIVE]  445.44g | Target:   78.61g | Progress:   0.0% | Remaining: 600.0min | Source: firebase
[LIVE]  445.44g | Target:   78.61g | Progress:   0.0% | Remaining: 600.0min | Source: firebase
[LIVE]  445.44g | Target:   78.61g | Progress:   0.0% | Remaining: 600.0min | Source: firebase
[LIVE]  445.44g | Target:   78.61g | Progress:   0.0% | Remaining: 600.0min | Source: firebase
[LIVE]  445.44g | Target:   78.61g | Progress:   0.0% | Remaining: 600.0min | Source: firebase
[LIVE]  445.44g | Target:   78.61g | Progress:   0.0% | Remaining: 600.0min | Source: firebase
[LIVE]  445.44g | Target:   78.61g | Progress:   0.0% | Remaining: 600.0min | Source: firebase
[LIVE]  445.44g | Target:   78.61g | Progress:   0.0% | Remaining: 600.0min | Source: firebase
[LIVE]  445.44g | Target:   78.61g | Progress:   0.0% | Remaining: 600.0min | Source: firebase
[LIVE]  445.44g | Target:   78.61g | Progress:   0.0% | Remaining: 600.0min | Source: firebase
[LIVE]  445.44g | Target:   78.61g | Progress:   0.0% | Remaining: 600.0min | Source: firebase
[LIVE]  445.44g | Target:   78.61g | Progress:   0.0% | Remaining: 600.0min | Source: firebase
[LIVE]  445.44g | Target:   78.61g | Progress:   0.0% | Remaining: 600.0min | Source: firebase
[LIVE]  445.44g | Target:   78.61g | Progress:   0.0% | Remaining: 600.0min | Source: firebase
[LIVE]  445.44g | Target:   78.61g | Progress:   0.0% | Remaining: 600.0min | Source: firebase
[LIVE]  445.44g | Target:   78.61g | Progress:   0.0% | Remaining: 600.0min | Source: firebase
[LIVE]  445.44g | Target:   78.61g | Progress:   0.0% | Remaining: 600.0min | Source: firebase
[LIVE]  445.44g | Target:   78.61g | Progress:   0.0% | Remaining: 600.0min | Source: firebase
[LIVE]   54.08g | Source: firebase | Connected: True
[LIVE]   54.08g | Source: firebase | Connected: True
[LIVE]   54.08g | Source: firebase | Connected: True
[LIVE]   54.08g | Source: firebase | Connected: True
127.0.0.1 - "POST /api/batch/reset HTTP/1.1" 200 -
[LIVE]   54.08g | Source: firebase | Connected: True
[LIVE]   54.08g | Source: firebase | Connected: True
[LIVE]   54.08g | Source: firebase | Connected: True
[LIVE]   54.08g | Source: firebase | Connected: True
[LIVE]   54.08g | Source: firebase | Connected: True
[LIVE]   54.08g | Source: firebase | Connected: True
[LIVE]   54.08g | Source: firebase | Connected: True
[LIVE]   54.08g | Source: firebase | Connected: True
[LIVE]   54.08g | Source: firebase | Connected: True
[LIVE]   54.08g | Source: firebase | Connected: True
[LIVE]   54.08g | Source: firebase | Connected: False
[LIVE]   54.08g | Source: firebase | Connected: True
[LIVE]   54.08g | Source: firebase | Connected: True
[LIVE]   54.08g | Source: firebase | Connected: True
[LIVE]   54.08g | Source: firebase | Connected: True
[LIVE]   54.08g | Source: firebase | Connected: True
[LIVE]   54.08g | Source: firebase | Connected: True
[LIVE]   54.08g | Source: firebase | Connected: True
[LIVE]   54.08g | Source: firebase | Connected: True
[LIVE]   54.08g | Source: firebase | Connected: True
[LIVE]   54.08g | Source: firebase | Connected: True
[LIVE]   54.08g | Source: firebase | Connected: True
[LIVE]   54.08g | Source: firebase | Connected: True
[LIVE]   54.08g | Source: firebase | Connected: True
[LIVE]   54.08g | Source: firebase | Connected: True
[LIVE]   54.08g | Source: firebase | Connected: True
[LIVE]   54.08g | Source: firebase | Connected: True
[LIVE]   54.08g | Source: firebase | Connected: True
[LIVE]   54.08g | Source: firebase | Connected: True
[LIVE]   54.08g | Source: firebase | Connected: True
[LIVE]   54.08g | Source: firebase | Connected: True
[LIVE]   54.08g | Source: firebase | Connected: True
[LIVE]   54.08g | Source: firebase | Connected: True
[LIVE]   54.08g | Source: firebase | Connected: True
[LIVE]   54.08g | Source: firebase | Connected: True
[LIVE]   54.08g | Source: firebase | Connected: True
[LIVE]   54.08g | Source: firebase | Connected: True
[LIVE]   54.08g | Source: firebase | Connected: True
[LIVE]   54.08g | Source: firebase | Connected: True
[LIVE]   54.08g | Source: firebase | Connected: True
[LIVE]   54.08g | Source: firebase | Connected: True
[LIVE]   54.08g | Source: firebase | Connected: True
[LIVE]   54.08g | Source: firebase | Connected: True
[LIVE]   54.08g | Source: firebase | Connected: True
[LIVE]   54.08g | Source: firebase | Connected: True
[LIVE]   54.08g | Source: firebase | Connected: True
[LIVE]   54.08g | Source: firebase | Connected: True
[LIVE]   54.08g | Source: firebase | Connected: True
[LIVE]   54.08g | Source: firebase | Connected: True
[LIVE]   54.08g | Source: firebase | Connected: True
[LIVE]   54.08g | Source: firebase | Connected: True
[LIVE]   54.08g | Source: firebase | Connected: True
[LIVE]    6.17g | Source: firebase | Connected: True
[LIVE]    6.17g | Source: firebase | Connected: True
[LIVE]    6.17g | Source: firebase | Connected: True
[LIVE]    6.17g | Source: firebase | Connected: True
[LIVE]    6.17g | Source: firebase | Connected: True
[LIVE]    6.17g | Source: firebase | Connected: True
[LIVE]    6.17g | Source: firebase | Connected: True
[LIVE]    6.17g | Source: firebase | Connected: True
[LIVE]    6.17g | Source: firebase | Connected: True
[LIVE]    6.17g | Source: firebase | Connected: True
[LIVE]    6.17g | Source: firebase | Connected: True
[LIVE]    6.17g | Source: firebase | Connected: True
[LIVE]    6.17g | Source: firebase | Connected: True
[LIVE]    6.17g | Source: firebase | Connected: True
[LIVE]    6.17g | Source: firebase | Connected: True
[LIVE]    6.17g | Source: firebase | Connected: True
[LIVE]    6.17g | Source: firebase | Connected: True
[LIVE]    6.17g | Source: firebase | Connected: True
[LIVE]    6.17g | Source: firebase | Connected: True
[LIVE]    6.17g | Source: firebase | Connected: True
[LIVE]    6.17g | Source: firebase | Connected: True
[LIVE]    6.17g | Source: firebase | Connected: True
[LIVE]    6.17g | Source: firebase | Connected: True
[LIVE]    6.17g | Source: firebase | Connected: True
[LIVE]    6.17g | Source: firebase | Connected: True
[LIVE]    6.17g | Source: firebase | Connected: True
[LIVE]    6.17g | Source: firebase | Connected: True
[LIVE]    6.17g | Source: firebase | Connected: True
[LIVE]    6.17g | Source: firebase | Connected: True
[LIVE]    6.17g | Source: firebase | Connected: True
[LIVE]    6.17g | Source: firebase | Connected: True
[LIVE]    6.17g | Source: firebase | Connected: True
[LIVE]    6.17g | Source: firebase | Connected: True
[LIVE]    6.17g | Source: firebase | Connected: True
[LIVE]    6.17g | Source: firebase | Connected: True
[LIVE]    6.17g | Source: firebase | Connected: True
[LIVE]    6.17g | Source: firebase | Connected: True
[LIVE]    6.17g | Source: firebase | Connected: True
[LIVE]    6.17g | Source: firebase | Connected: True
[LIVE]    6.17g | Source: firebase | Connected: True
[LIVE]    6.17g | Source: firebase | Connected: True
[LIVE]    6.17g | Source: firebase | Connected: True
[LIVE]    6.17g | Source: firebase | Connected: True
[LIVE]    6.17g | Source: firebase | Connected: True
[LIVE]    6.17g | Source: firebase | Connected: True
[LIVE]    6.17g | Source: firebase | Connected: True
[LIVE]    6.17g | Source: firebase | Connected: True
[LIVE]    6.17g | Source: firebase | Connected: True
[LIVE]    6.17g | Source: firebase | Connected: True
[LIVE]    6.17g | Source: firebase | Connected: True
[LIVE]    6.17g | Source: firebase | Connected: True
[LIVE]    6.45g | Source: firebase | Connected: True
[LIVE]    6.45g | Source: firebase | Connected: True
[LIVE]    6.45g | Source: firebase | Connected: True
[LIVE]    6.45g | Source: firebase | Connected: True
[LIVE]    6.45g | Source: firebase | Connected: True
[LIVE]    6.45g | Source: firebase | Connected: True
[LIVE]    6.45g | Source: firebase | Connected: True
[LIVE]    6.45g | Source: firebase | Connected: True
[LIVE]    6.45g | Source: firebase | Connected: False
[LIVE]    6.45g | Source: firebase | Connected: True
[LIVE]    6.45g | Source: firebase | Connected: True
[LIVE]    6.45g | Source: firebase | Connected: True
[LIVE]    6.45g | Source: firebase | Connected: True
[LIVE]    6.45g | Source: firebase | Connected: True
[LIVE]    6.45g | Source: firebase | Connected: True
[LIVE]    6.45g | Source: firebase | Connected: True
[LIVE]    6.45g | Source: firebase | Connected: True
[LIVE]    6.45g | Source: firebase | Connected: True
[LIVE]    6.45g | Source: firebase | Connected: True
[LIVE]    6.45g | Source: firebase | Connected: True
[LIVE]    6.45g | Source: firebase | Connected: True
[LIVE]    6.45g | Source: firebase | Connected: True
[LIVE]    6.45g | Source: firebase | Connected: True
[LIVE]    6.45g | Source: firebase | Connected: True
[LIVE]    6.45g | Source: firebase | Connected: True
[LIVE]    6.45g | Source: firebase | Connected: True
[LIVE]    6.45g | Source: firebase | Connected: True
[LIVE]    6.45g | Source: firebase | Connected: True
[LIVE]    6.45g | Source: firebase | Connected: True
[LIVE]    6.45g | Source: firebase | Connected: True
[LIVE]    6.45g | Source: firebase | Connected: True
[LIVE]    6.45g | Source: firebase | Connected: True
[LIVE]    6.45g | Source: firebase | Connected: True
[LIVE]    6.45g | Source: firebase | Connected: True
[LIVE]    6.45g | Source: firebase | Connected: True
[LIVE]    6.45g | Source: firebase | Connected: True
[LIVE]    6.45g | Source: firebase | Connected: True
[LIVE]    6.45g | Source: firebase | Connected: True
[LIVE]    6.45g | Source: firebase | Connected: True
[LIVE]    6.45g | Source: firebase | Connected: True
[LIVE]    6.45g | Source: firebase | Connected: True
[LIVE]    6.45g | Source: firebase | Connected: True
[LIVE]    6.45g | Source: firebase | Connected: True
[LIVE]    6.45g | Source: firebase | Connected: True
[LIVE]    6.45g | Source: firebase | Connected: True
[LIVE]    6.45g | Source: firebase | Connected: True
[LIVE]    6.45g | Source: firebase | Connected: True
[LIVE]    6.45g | Source: firebase | Connected: True
[LIVE]    6.45g | Source: firebase | Connected: True
[LIVE]    5.71g | Source: firebase | Connected: True
[LIVE]    5.71g | Source: firebase | Connected: True
[LIVE]    5.71g | Source: firebase | Connected: True
[LIVE]    5.71g | Source: firebase | Connected: True
[LIVE]    5.71g | Source: firebase | Connected: True
[LIVE]    5.71g | Source: firebase | Connected: True
[LIVE]    5.71g | Source: firebase | Connected: True
[LIVE]    5.71g | Source: firebase | Connected: True
[LIVE]    5.71g | Source: firebase | Connected: True
[LIVE]    5.71g | Source: firebase | Connected: True
[LIVE]    5.71g | Source: firebase | Connected: True
[LIVE]    5.71g | Source: firebase | Connected: True
[LIVE]    5.71g | Source: firebase | Connected: True
[LIVE]    5.71g | Source: firebase | Connected: True
[LIVE]    5.71g | Source: firebase | Connected: True
[LIVE]    5.71g | Source: firebase | Connected: True
[LIVE]    5.71g | Source: firebase | Connected: True
[LIVE]    5.71g | Source: firebase | Connected: False
[LIVE]    5.71g | Source: firebase | Connected: True
[LIVE]    5.71g | Source: firebase | Connected: True
[LIVE]    5.71g | Source: firebase | Connected: True
[LIVE]    5.71g | Source: firebase | Connected: True
[LIVE]    5.71g | Source: firebase | Connected: False
[LIVE]    5.71g | Source: firebase | Connected: True
[LIVE]    5.71g | Source: firebase | Connected: False
[LIVE]    5.71g | Source: firebase | Connected: True
[LIVE]    5.71g | Source: firebase | Connected: True
[LIVE]    5.71g | Source: firebase | Connected: False
[LIVE]    5.71g | Source: firebase | Connected: True
[LIVE]    5.71g | Source: firebase | Connected: True
[LIVE]    5.71g | Source: firebase | Connected: True
[LIVE]    5.71g | Source: firebase | Connected: True
[LIVE]    5.71g | Source: firebase | Connected: True
[LIVE]    5.71g | Source: firebase | Connected: False
[LIVE]    5.71g | Source: firebase | Connected: False
[LIVE]    6.01g | Source: firebase | Connected: True
[LIVE]    6.01g | Source: firebase | Connected: True
[LIVE]    6.01g | Source: firebase | Connected: True
[LIVE]    6.01g | Source: firebase | Connected: False
[LIVE]    6.01g | Source: firebase | Connected: True
[LIVE]    6.01g | Source: firebase | Connected: True
[LIVE]    6.01g | Source: firebase | Connected: True
[LIVE]    6.01g | Source: firebase | Connected: True
[LIVE]    6.01g | Source: firebase | Connected: True
[LIVE]    6.01g | Source: firebase | Connected: False
[LIVE]    6.01g | Source: firebase | Connected: True
[LIVE]    6.01g | Source: firebase | Connected: True
[LIVE]    6.01g | Source: firebase | Connected: False
[LIVE]    6.01g | Source: firebase | Connected: False
[LIVE]    6.01g | Source: firebase | Connected: True
[LIVE]    6.01g | Source: firebase | Connected: True
[LIVE]    6.01g | Source: firebase | Connected: False
[LIVE]    6.01g | Source: firebase | Connected: True
[LIVE]    6.01g | Source: firebase | Connected: True
[LIVE]    6.01g | Source: firebase | Connected: True
[LIVE]    6.01g | Source: firebase | Connected: True
[LIVE]    6.01g | Source: firebase | Connected: True
[LIVE] 1215.58g | Source: firebase | Connected: True
[LIVE] 1215.58g | Source: firebase | Connected: True
[LIVE] 1215.58g | Source: firebase | Connected: True
[LIVE] 1215.58g | Source: firebase | Connected: True
[LIVE] 1215.58g | Source: firebase | Connected: True
[LIVE] 1215.58g | Source: firebase | Connected: True
[LIVE] 1215.58g | Source: firebase | Connected: True
[LIVE] 1215.58g | Source: firebase | Connected: True
[LIVE] 1215.58g | Source: firebase | Connected: True
[LIVE] 1215.58g | Source: firebase | Connected: True
[LIVE] 1215.58g | Source: firebase | Connected: True
[LIVE] 1215.58g | Source: firebase | Connected: True
[LIVE] 1215.58g | Source: firebase | Connected: True
[LIVE] 1215.58g | Source: firebase | Connected: True
[LIVE] 1215.58g | Source: firebase | Connected: True
[LIVE] 1215.58g | Source: firebase | Connected: True
[LIVE] 1215.58g | Source: firebase | Connected: True
[LIVE] 1215.58g | Source: firebase | Connected: True
[LIVE] 1215.58g | Source: firebase | Connected: True
[LIVE] 1215.58g | Source: firebase | Connected: True
[LIVE] 1215.58g | Source: firebase | Connected: True
[LIVE] 1215.58g | Source: firebase | Connected: True
[LIVE] 1215.58g | Source: firebase | Connected: True
[LIVE] 1215.58g | Source: firebase | Connected: True
[LIVE] 1215.58g | Source: firebase | Connected: True
[LIVE] 1215.58g | Source: firebase | Connected: True
[LIVE] 1215.58g | Source: firebase | Connected: True
[LIVE] 1215.58g | Source: firebase | Connected: True
[LIVE] 1215.58g | Source: firebase | Connected: True
[LIVE] 1215.58g | Source: firebase | Connected: True
127.0.0.1 - "POST /api/selection HTTP/1.1" 200 -
[LIVE] 1215.58g | Source: firebase | Connected: True
[LIVE] 1215.58g | Source: firebase | Connected: True
[LIVE] 1215.58g | Source: firebase | Connected: True
[LIVE] 1215.58g | Source: firebase | Connected: True
[LIVE] 1215.58g | Source: firebase | Connected: True
[LIVE] 1215.58g | Source: firebase | Connected: True
[LIVE] 1215.58g | Source: firebase | Connected: True
[LIVE] 1215.58g | Source: firebase | Connected: True
[LIVE] 1215.58g | Source: firebase | Connected: True
[LIVE] 1215.58g | Source: firebase | Connected: True
[LIVE] 1215.58g | Source: firebase | Connected: True
[LIVE] 1215.58g | Source: firebase | Connected: True
[LIVE] 1215.58g | Source: firebase | Connected: True
[LIVE] 1215.58g | Source: firebase | Connected: True
[LIVE] 1215.58g | Source: firebase | Connected: False
[LIVE] 1215.58g | Source: firebase | Connected: False
[LIVE] 1215.58g | Source: firebase | Connected: False
[LIVE] 1374.51g | Source: firebase | Connected: True
[LIVE] 1374.51g | Source: firebase | Connected: True
[LIVE] 1374.51g | Source: firebase | Connected: True
[LIVE] 1374.51g | Source: firebase | Connected: True
[LIVE] 1374.51g | Source: firebase | Connected: True
[LIVE] 1374.51g | Source: firebase | Connected: True
[LIVE] 1374.51g | Source: firebase | Connected: True
[LIVE] 1374.51g | Source: firebase | Connected: True
[LIVE] 1374.51g | Source: firebase | Connected: True
[LIVE] 1374.51g | Source: firebase | Connected: True
[LIVE] 1374.51g | Source: firebase | Connected: True
[LIVE] 1374.51g | Source: firebase | Connected: True
[LIVE] 1374.51g | Source: firebase | Connected: True
[LIVE] 1374.51g | Source: firebase | Connected: True
[LIVE] 1374.51g | Source: firebase | Connected: True
[LIVE] 1374.51g | Source: firebase | Connected: True
[LIVE] 1374.51g | Source: firebase | Connected: True
[LIVE] 1374.51g | Source: firebase | Connected: True
[LIVE] 1374.51g | Source: firebase | Connected: True
[LIVE] 1374.51g | Source: firebase | Connected: True
[LIVE] 1374.51g | Source: firebase | Connected: True
[LIVE] 1374.51g | Source: firebase | Connected: True
[LIVE] 1374.51g | Source: firebase | Connected: True
[LIVE] 1374.51g | Source: firebase | Connected: True
[LIVE] 1374.51g | Source: firebase | Connected: True
[LIVE] 1374.51g | Source: firebase | Connected: True
[LIVE] 1374.51g | Source: firebase | Connected: True
[LIVE] 1374.51g | Source: firebase | Connected: True
[LIVE] 1374.51g | Source: firebase | Connected: True
[LIVE] 1374.51g | Source: firebase | Connected: True
[LIVE] 1374.51g | Source: firebase | Connected: True
[LIVE] 1374.51g | Source: firebase | Connected: True
[LIVE] 1374.51g | Source: firebase | Connected: True
[LIVE] 1374.51g | Source: firebase | Connected: True
[LIVE] 1374.51g | Source: firebase | Connected: True
[LIVE] 1374.51g | Source: firebase | Connected: True
[LIVE] 1374.51g | Source: firebase | Connected: True
[LIVE] 1374.51g | Source: firebase | Connected: True
[LIVE] 1374.51g | Source: firebase | Connected: True
[LIVE] 1374.51g | Source: firebase | Connected: True
[LIVE] 1374.51g | Source: firebase | Connected: True
[LIVE] 1374.51g | Source: firebase | Connected: True
[LIVE] 1374.51g | Source: firebase | Connected: True
[LIVE] 1374.51g | Source: firebase | Connected: True
[LIVE] 1374.51g | Source: firebase | Connected: True
[LIVE] 1374.51g | Source: firebase | Connected: True
[LIVE] 1374.51g | Source: firebase | Connected: True
[LIVE] 1374.51g | Source: firebase | Connected: True
[LIVE] 1374.51g | Source: firebase | Connected: True
[LIVE]   43.30g | Source: firebase | Connected: True
[LIVE]   43.30g | Source: firebase | Connected: True
[LIVE]   43.30g | Source: firebase | Connected: True
[LIVE]   43.30g | Source: firebase | Connected: True
[LIVE]   43.30g | Source: firebase | Connected: True
[LIVE]   43.30g | Source: firebase | Connected: True
[LIVE]   43.30g | Source: firebase | Connected: True
[LIVE]   43.30g | Source: firebase | Connected: True
[LIVE]   43.30g | Source: firebase | Connected: True
[LIVE]   43.30g | Source: firebase | Connected: True
[LIVE]   43.30g | Source: firebase | Connected: True
[LIVE]   43.30g | Source: firebase | Connected: True
[LIVE]   43.30g | Source: firebase | Connected: True
[LIVE]   43.30g | Source: firebase | Connected: True
[LIVE]   43.30g | Source: firebase | Connected: True
[LIVE]   43.30g | Source: firebase | Connected: True
[LIVE]   43.30g | Source: firebase | Connected: True
[LIVE]   43.30g | Source: firebase | Connected: True
[LIVE]   43.30g | Source: firebase | Connected: True
[LIVE]   43.30g | Source: firebase | Connected: True
[LIVE]   43.30g | Source: firebase | Connected: True
[LIVE]   43.30g | Source: firebase | Connected: True
[LIVE]   43.30g | Source: firebase | Connected: True
[LIVE]   43.30g | Source: firebase | Connected: True
[LIVE]   43.30g | Source: firebase | Connected: False
[LIVE]   43.30g | Source: firebase | Connected: True
[LIVE]   43.30g | Source: firebase | Connected: True
[LIVE]   43.30g | Source: firebase | Connected: True
[LIVE]   43.30g | Source: firebase | Connected: True
[LIVE]   43.30g | Source: firebase | Connected: True
[LIVE]   43.30g | Source: firebase | Connected: True
[LIVE]   43.30g | Source: firebase | Connected: True
[LIVE]   43.30g | Source: firebase | Connected: True
[LIVE]   43.30g | Source: firebase | Connected: True
[LIVE]   43.30g | Source: firebase | Connected: True
[LIVE]   43.30g | Source: firebase | Connected: True
[LIVE]   43.30g | Source: firebase | Connected: True
[LIVE]   43.30g | Source: firebase | Connected: True
[LIVE]   43.30g | Source: firebase | Connected: True
[LIVE]   43.30g | Source: firebase | Connected: True
[LIVE]   43.30g | Source: firebase | Connected: True
[LIVE]   43.30g | Source: firebase | Connected: True
[LIVE]   43.30g | Source: firebase | Connected: True
[LIVE]   43.30g | Source: firebase | Connected: True
[LIVE]   43.30g | Source: firebase | Connected: True
[LIVE]   43.30g | Source: firebase | Connected: True
[LIVE]   43.30g | Source: firebase | Connected: True
[LIVE]   43.30g | Source: firebase | Connected: True
[LIVE]   43.30g | Source: firebase | Connected: True
[LIVE]   43.30g | Source: firebase | Connected: True
[LIVE]   43.30g | Source: firebase | Connected: True
[LIVE]   43.30g | Source: firebase | Connected: True
[LIVE]   43.30g | Source: firebase | Connected: True
[LIVE]   43.30g | Source: firebase | Connected: True
[LIVE]   43.30g | Source: firebase | Connected: True
[LIVE]  408.80g | Source: firebase | Connected: True
[LIVE]  408.80g | Source: firebase | Connected: True
[LIVE]  408.80g | Source: firebase | Connected: True
[LIVE]  408.80g | Source: firebase | Connected: True
[LIVE]  408.80g | Source: firebase | Connected: True
[LIVE]  408.80g | Source: firebase | Connected: True
[LIVE]  408.80g | Source: firebase | Connected: True
[LIVE]  408.80g | Source: firebase | Connected: True
[LIVE]  408.80g | Source: firebase | Connected: True
[LIVE]  408.80g | Source: firebase | Connected: True
[LIVE]  408.80g | Source: firebase | Connected: True
[LIVE]  408.80g | Source: firebase | Connected: True
[LIVE]  408.80g | Source: firebase | Connected: True
[LIVE]  408.80g | Source: firebase | Connected: True
[LIVE]  408.80g | Source: firebase | Connected: True
[LIVE]  408.80g | Source: firebase | Connected: True
[LIVE]  408.80g | Source: firebase | Connected: True
[LIVE]  408.80g | Source: firebase | Connected: True
[LIVE]  408.80g | Source: firebase | Connected: True
[LIVE]  408.80g | Source: firebase | Connected: True
[LIVE]  408.80g | Source: firebase | Connected: True
[LIVE]  408.80g | Source: firebase | Connected: True
[LIVE]  408.80g | Source: firebase | Connected: True
[LIVE]  408.80g | Source: firebase | Connected: True
[LIVE]  408.80g | Source: firebase | Connected: True
[LIVE]  408.80g | Source: firebase | Connected: True
[LIVE]  408.80g | Source: firebase | Connected: True
[LIVE]  408.80g | Source: firebase | Connected: True
[LIVE]  408.80g | Source: firebase | Connected: True
[LIVE]  408.80g | Source: firebase | Connected: True
[LIVE]  408.80g | Source: firebase | Connected: True
[LIVE]  408.80g | Source: firebase | Connected: True
[LIVE]  408.80g | Source: firebase | Connected: True
[LIVE]  408.80g | Source: firebase | Connected: True
[LIVE]  408.80g | Source: firebase | Connected: True
[LIVE]  408.80g | Source: firebase | Connected: True
[LIVE]  408.80g | Source: firebase | Connected: True
